This is pdfTeX, Version 3.141592653-2.6-1.40.28 (TeX Live 2025) (preloaded format=pdflatex 2025.9.22)  28 OCT 2025 20:14
entering extended mode
 restricted \write18 enabled.
 %&-line parsing enabled.
**Exo5_14_2.tex
(./Exo5_14_2.tex
LaTeX2e <2025-06-01> patch level 1
L3 programming layer <2025-09-02>
(c:/texlive/2025/texmf-dist/tex/latex/base/article.cls
Document Class: article 2025/01/22 v1.4n Standard LaTeX document class
(c:/texlive/2025/texmf-dist/tex/latex/base/size10.clo
File: size10.clo 2025/01/22 v1.4n Standard LaTeX file (size option)
)
\c@part=\count275
\c@section=\count276
\c@subsection=\count277
\c@subsubsection=\count278
\c@paragraph=\count279
\c@subparagraph=\count280
\c@figure=\count281
\c@table=\count282
\abovecaptionskip=\skip49
\belowcaptionskip=\skip50
\bibindent=\dimen148
)
(c:/texlive/2025/texmf-dist/tex/latex/base/fontenc.sty
Package: fontenc 2024/12/21 v2.1c Standard LaTeX package
)
(c:/texlive/2025/texmf-dist/tex/latex/tools/array.sty
Package: array 2025/06/08 v2.6j Tabular extension package (FMi)
\col@sep=\dimen149
\ar@mcellbox=\box53
\extrarowheight=\dimen150
\NC@list=\toks17
\extratabsurround=\skip51
\backup@length=\skip52
\ar@cellbox=\box54
)
(c:/texlive/2025/texmf-dist/tex/latex/l3backend/l3backend-pdftex.def
File: l3backend-pdftex.def 2025-06-09 L3 backend support: PDF output (pdfTeX)
\l__color_backend_stack_int=\count283
)
(./Exo5_14_2.aux)
\openout1 = `Exo5_14_2.aux'.

LaTeX Font Info:    Checking defaults for OML/cmm/m/it on input line 5.
LaTeX Font Info:    ... okay on input line 5.
LaTeX Font Info:    Checking defaults for OMS/cmsy/m/n on input line 5.
LaTeX Font Info:    ... okay on input line 5.
LaTeX Font Info:    Checking defaults for OT1/cmr/m/n on input line 5.
LaTeX Font Info:    ... okay on input line 5.
LaTeX Font Info:    Checking defaults for T1/cmr/m/n on input line 5.
LaTeX Font Info:    ... okay on input line 5.
LaTeX Font Info:    Checking defaults for TS1/cmr/m/n on input line 5.
LaTeX Font Info:    ... okay on input line 5.
LaTeX Font Info:    Checking defaults for OMX/cmex/m/n on input line 5.
LaTeX Font Info:    ... okay on input line 5.
LaTeX Font Info:    Checking defaults for U/cmr/m/n on input line 5.
LaTeX Font Info:    ... okay on input line 5.
LaTeX Font Info:    External font `cmex10' loaded for size
(Font)              <7> on input line 6.
LaTeX Font Info:    External font `cmex10' loaded for size
(Font)              <5> on input line 6.

! Undefined control sequence.
l.7 \toprule
            
? 

! LaTeX Error: Unicode character –° (U+0421)
               not set up for use with LaTeX.

See the LaTeX manual or LaTeX Companion for explanation.
Type  H <return>  for immediate help.
 ...                                              
                                                  
l.9 \textbf{–°–ª–µ–≤–∞ (l)}
                            & \textbf{–¶–µ–Ω—Ç—Ä (c)} & \textbf{–°–ø—Ä–∞–≤–∞...

? 

! LaTeX Error: Unicode character –ª (U+043B)
               not set up for use with LaTeX.

See the LaTeX manual or LaTeX Companion for explanation.
Type  H <return>  for immediate help.
 ...                                              
                                                  
l.9 \textbf{–°–ª–µ–≤–∞ (l)}
                            & \textbf{–¶–µ–Ω—Ç—Ä (c)} & \textbf{–°–ø—Ä–∞–≤–∞...

? 

! LaTeX Error: Unicode character –µ (U+0435)
               not set up for use with LaTeX.

See the LaTeX manual or LaTeX Companion for explanation.
Type  H <return>  for immediate help.
 ...                                              
                                                  
l.9 \textbf{–°–ª–µ–≤–∞ (l)}
                            & \textbf{–¶–µ–Ω—Ç—Ä (c)} & \textbf{–°–ø—Ä–∞–≤–∞...

? 

! LaTeX Error: Unicode character –≤ (U+0432)
               not set up for use with LaTeX.

See the LaTeX manual or LaTeX Companion for explanation.
Type  H <return>  for immediate help.
 ...                                              
                                                  
l.9 \textbf{–°–ª–µ–≤–∞ (l)}
                            & \textbf{–¶–µ–Ω—Ç—Ä (c)} & \textbf{–°–ø—Ä–∞–≤–∞...

? 

! LaTeX Error: Unicode character –∞ (U+0430)
               not set up for use with LaTeX.

See the LaTeX manual or LaTeX Companion for explanation.
Type  H <return>  for immediate help.
 ...                                              
                                                  
l.9 \textbf{–°–ª–µ–≤–∞ (l)}
                            & \textbf{–¶–µ–Ω—Ç—Ä (c)} & \textbf{–°–ø—Ä–∞–≤–∞...

? 

! LaTeX Error: Unicode character –¶ (U+0426)
               not set up for use with LaTeX.

See the LaTeX manual or LaTeX Companion for explanation.
Type  H <return>  for immediate help.
 ...                                              
                                                  
l.9 ...f{–°–ª–µ–≤–∞ (l)} & \textbf{–¶–µ–Ω—Ç—Ä (c)}
                                                   & \textbf{–°–ø—Ä–∞–≤–∞ (r...

? 

! LaTeX Error: Unicode character –µ (U+0435)
               not set up for use with LaTeX.

See the LaTeX manual or LaTeX Companion for explanation.
Type  H <return>  for immediate help.
 ...                                              
                                                  
l.9 ...f{–°–ª–µ–≤–∞ (l)} & \textbf{–¶–µ–Ω—Ç—Ä (c)}
                                                   & \textbf{–°–ø—Ä–∞–≤–∞ (r...

? 

! LaTeX Error: Unicode character –Ω (U+043D)
               not set up for use with LaTeX.

See the LaTeX manual or LaTeX Companion for explanation.
Type  H <return>  for immediate help.
 ...                                              
                                                  
l.9 ...f{–°–ª–µ–≤–∞ (l)} & \textbf{–¶–µ–Ω—Ç—Ä (c)}
                                                   & \textbf{–°–ø—Ä–∞–≤–∞ (r...

? 

! LaTeX Error: Unicode character —Ç (U+0442)
               not set up for use with LaTeX.

See the LaTeX manual or LaTeX Companion for explanation.
Type  H <return>  for immediate help.
 ...                                              
                                                  
l.9 ...f{–°–ª–µ–≤–∞ (l)} & \textbf{–¶–µ–Ω—Ç—Ä (c)}
                                                   & \textbf{–°–ø—Ä–∞–≤–∞ (r...

? 

! LaTeX Error: Unicode character —Ä (U+0440)
               not set up for use with LaTeX.

See the LaTeX manual or LaTeX Companion for explanation.
Type  H <return>  for immediate help.
 ...                                              
                                                  
l.9 ...f{–°–ª–µ–≤–∞ (l)} & \textbf{–¶–µ–Ω—Ç—Ä (c)}
                                                   & \textbf{–°–ø—Ä–∞–≤–∞ (r...

? 

! LaTeX Error: Unicode character –° (U+0421)
               not set up for use with LaTeX.

See the LaTeX manual or LaTeX Companion for explanation.
Type  H <return>  for immediate help.
 ...                                              
                                                  
l.9 ...–¶–µ–Ω—Ç—Ä (c)} & \textbf{–°–ø—Ä–∞–≤–∞ (r)}
                                                   & \textbf{–ü–∞—Ä–∞–≥—Ä–∞—...

? 

! LaTeX Error: Unicode character –ø (U+043F)
               not set up for use with LaTeX.

See the LaTeX manual or LaTeX Companion for explanation.
Type  H <return>  for immediate help.
 ...                                              
                                                  
l.9 ...–¶–µ–Ω—Ç—Ä (c)} & \textbf{–°–ø—Ä–∞–≤–∞ (r)}
                                                   & \textbf{–ü–∞—Ä–∞–≥—Ä–∞—...

? 

! LaTeX Error: Unicode character —Ä (U+0440)
               not set up for use with LaTeX.

See the LaTeX manual or LaTeX Companion for explanation.
Type  H <return>  for immediate help.
 ...                                              
                                                  
l.9 ...–¶–µ–Ω—Ç—Ä (c)} & \textbf{–°–ø—Ä–∞–≤–∞ (r)}
                                                   & \textbf{–ü–∞—Ä–∞–≥—Ä–∞—...

? 

! LaTeX Error: Unicode character –∞ (U+0430)
               not set up for use with LaTeX.

See the LaTeX manual or LaTeX Companion for explanation.
Type  H <return>  for immediate help.
 ...                                              
                                                  
l.9 ...–¶–µ–Ω—Ç—Ä (c)} & \textbf{–°–ø—Ä–∞–≤–∞ (r)}
                                                   & \textbf{–ü–∞—Ä–∞–≥—Ä–∞—...

? 

! LaTeX Error: Unicode character –≤ (U+0432)
               not set up for use with LaTeX.

See the LaTeX manual or LaTeX Companion for explanation.
Type  H <return>  for immediate help.
 ...                                              
                                                  
l.9 ...–¶–µ–Ω—Ç—Ä (c)} & \textbf{–°–ø—Ä–∞–≤–∞ (r)}
                                                   & \textbf{–ü–∞—Ä–∞–≥—Ä–∞—...

? 

! LaTeX Error: Unicode character –∞ (U+0430)
               not set up for use with LaTeX.

See the LaTeX manual or LaTeX Companion for explanation.
Type  H <return>  for immediate help.
 ...                                              
                                                  
l.9 ...–¶–µ–Ω—Ç—Ä (c)} & \textbf{–°–ø—Ä–∞–≤–∞ (r)}
                                                   & \textbf{–ü–∞—Ä–∞–≥—Ä–∞—...

? 

! LaTeX Error: Unicode character –ü (U+041F)
               not set up for use with LaTeX.

See the LaTeX manual or LaTeX Companion for explanation.
Type  H <return>  for immediate help.
 ...                                              
                                                  
l.9 ...–∞–≤–∞ (r)} & \textbf{–ü–∞—Ä–∞–≥—Ä–∞—Ñ (p)}
                                                   \\
? 

! LaTeX Error: Unicode character –∞ (U+0430)
               not set up for use with LaTeX.

See the LaTeX manual or LaTeX Companion for explanation.
Type  H <return>  for immediate help.
 ...                                              
                                                  
l.9 ...–∞–≤–∞ (r)} & \textbf{–ü–∞—Ä–∞–≥—Ä–∞—Ñ (p)}
                                                   \\
? 

! LaTeX Error: Unicode character —Ä (U+0440)
               not set up for use with LaTeX.

See the LaTeX manual or LaTeX Companion for explanation.
Type  H <return>  for immediate help.
 ...                                              
                                                  
l.9 ...–∞–≤–∞ (r)} & \textbf{–ü–∞—Ä–∞–≥—Ä–∞—Ñ (p)}
                                                   \\
? 

! LaTeX Error: Unicode character –∞ (U+0430)
               not set up for use with LaTeX.

See the LaTeX manual or LaTeX Companion for explanation.
Type  H <return>  for immediate help.
 ...                                              
                                                  
l.9 ...–∞–≤–∞ (r)} & \textbf{–ü–∞—Ä–∞–≥—Ä–∞—Ñ (p)}
                                                   \\
? 

! LaTeX Error: Unicode character –≥ (U+0433)
               not set up for use with LaTeX.

See the LaTeX manual or LaTeX Companion for explanation.
Type  H <return>  for immediate help.
 ...                                              
                                                  
l.9 ...–∞–≤–∞ (r)} & \textbf{–ü–∞—Ä–∞–≥—Ä–∞—Ñ (p)}
                                                   \\
? 

! LaTeX Error: Unicode character —Ä (U+0440)
               not set up for use with LaTeX.

See the LaTeX manual or LaTeX Companion for explanation.
Type  H <return>  for immediate help.
 ...                                              
                                                  
l.9 ...–∞–≤–∞ (r)} & \textbf{–ü–∞—Ä–∞–≥—Ä–∞—Ñ (p)}
                                                   \\
? 

! LaTeX Error: Unicode character –∞ (U+0430)
               not set up for use with LaTeX.

See the LaTeX manual or LaTeX Companion for explanation.
Type  H <return>  for immediate help.
 ...                                              
                                                  
l.9 ...–∞–≤–∞ (r)} & \textbf{–ü–∞—Ä–∞–≥—Ä–∞—Ñ (p)}
                                                   \\
? 

! LaTeX Error: Unicode character —Ñ (U+0444)
               not set up for use with LaTeX.

See the LaTeX manual or LaTeX Companion for explanation.
Type  H <return>  for immediate help.
 ...                                              
                                                  
l.9 ...–∞–≤–∞ (r)} & \textbf{–ü–∞—Ä–∞–≥—Ä–∞—Ñ (p)}
                                                   \\
? 
! Undefined control sequence.
<recently read> \midrule 
                         
l.10 \midrule
             
? 

! LaTeX Error: Unicode character —Å (U+0441)
               not set up for use with LaTeX.

See the LaTeX manual or LaTeX Companion for explanation.
Type  H <return>  for immediate help.
 ...                                              
                                                  
l.11 dog / —Å
             –æ–±–∞–∫–∞ & meat / –º—è—Å–æ & medium / —Å—Ä–µ–¥–Ω–∏–π & Animal...

? 

! LaTeX Error: Unicode character –æ (U+043E)
               not set up for use with LaTeX.

See the LaTeX manual or LaTeX Companion for explanation.
Type  H <return>  for immediate help.
 ...                                              
                                                  
l.11 dog / —Å–æ
               –±–∞–∫–∞ & meat / –º—è—Å–æ & medium / —Å—Ä–µ–¥–Ω–∏–π & Animal...

? 

! LaTeX Error: Unicode character –± (U+0431)
               not set up for use with LaTeX.

See the LaTeX manual or LaTeX Companion for explanation.
Type  H <return>  for immediate help.
 ...                                              
                                                  
l.11 dog / —Å–æ–±
                 –∞–∫–∞ & meat / –º—è—Å–æ & medium / —Å—Ä–µ–¥–Ω–∏–π & Animal...

? 

! LaTeX Error: Unicode character –∞ (U+0430)
               not set up for use with LaTeX.

See the LaTeX manual or LaTeX Companion for explanation.
Type  H <return>  for immediate help.
 ...                                              
                                                  
l.11 dog / —Å–æ–±–∞
                   –∫–∞ & meat / –º—è—Å–æ & medium / —Å—Ä–µ–¥–Ω–∏–π & Animal...

? 

! LaTeX Error: Unicode character –∫ (U+043A)
               not set up for use with LaTeX.

See the LaTeX manual or LaTeX Companion for explanation.
Type  H <return>  for immediate help.
 ...                                              
                                                  
l.11 dog / —Å–æ–±–∞–∫
                     –∞ & meat / –º—è—Å–æ & medium / —Å—Ä–µ–¥–Ω–∏–π & Animal...

? 

! LaTeX Error: Unicode character –∞ (U+0430)
               not set up for use with LaTeX.

See the LaTeX manual or LaTeX Companion for explanation.
Type  H <return>  for immediate help.
 ...                                              
                                                  
l.11 dog / —Å–æ–±–∞–∫–∞
                        & meat / –º—è—Å–æ & medium / —Å—Ä–µ–¥–Ω–∏–π & Animal...

? 

! LaTeX Error: Unicode character –º (U+043C)
               not set up for use with LaTeX.

See the LaTeX manual or LaTeX Companion for explanation.
Type  H <return>  for immediate help.
 ...                                              
                                                  
l.11 dog / —Å–æ–±–∞–∫–∞ & meat / –º
                                   —è—Å–æ & medium / —Å—Ä–µ–¥–Ω–∏–π & Animal...

? 

! LaTeX Error: Unicode character —è (U+044F)
               not set up for use with LaTeX.

See the LaTeX manual or LaTeX Companion for explanation.
Type  H <return>  for immediate help.
 ...                                              
                                                  
l.11 dog / —Å–æ–±–∞–∫–∞ & meat / –º—è
                                     —Å–æ & medium / —Å—Ä–µ–¥–Ω–∏–π & Animal...

? 

! LaTeX Error: Unicode character —Å (U+0441)
               not set up for use with LaTeX.

See the LaTeX manual or LaTeX Companion for explanation.
Type  H <return>  for immediate help.
 ...                                              
                                                  
l.11 dog / —Å–æ–±–∞–∫–∞ & meat / –º—è—Å
                                       –æ & medium / —Å—Ä–µ–¥–Ω–∏–π & Animal...

? 

! LaTeX Error: Unicode character –æ (U+043E)
               not set up for use with LaTeX.

See the LaTeX manual or LaTeX Companion for explanation.
Type  H <return>  for immediate help.
 ...                                              
                                                  
l.11 dog / —Å–æ–±–∞–∫–∞ & meat / –º—è—Å–æ
                                          & medium / —Å—Ä–µ–¥–Ω–∏–π & Animal...

? 

! LaTeX Error: Unicode character —Å (U+0441)
               not set up for use with LaTeX.

See the LaTeX manual or LaTeX Companion for explanation.
Type  H <return>  for immediate help.
 ...                                              
                                                  
l.11 ...–æ–±–∞–∫–∞ & meat / –º—è—Å–æ & medium / —Å
                                                  —Ä–µ–¥–Ω–∏–π & Animal desc...

? 

! LaTeX Error: Unicode character —Ä (U+0440)
               not set up for use with LaTeX.

See the LaTeX manual or LaTeX Companion for explanation.
Type  H <return>  for immediate help.
 ...                                              
                                                  
l.11 ...–±–∞–∫–∞ & meat / –º—è—Å–æ & medium / —Å—Ä
                                                  –µ–¥–Ω–∏–π & Animal descri...

? 

! LaTeX Error: Unicode character –µ (U+0435)
               not set up for use with LaTeX.

See the LaTeX manual or LaTeX Companion for explanation.
Type  H <return>  for immediate help.
 ...                                              
                                                  
l.11 ...–∞–∫–∞ & meat / –º—è—Å–æ & medium / —Å—Ä–µ
                                                  –¥–Ω–∏–π & Animal descript...

? 

! LaTeX Error: Unicode character –¥ (U+0434)
               not set up for use with LaTeX.

See the LaTeX manual or LaTeX Companion for explanation.
Type  H <return>  for immediate help.
 ...                                              
                                                  
l.11 ...–∫–∞ & meat / –º—è—Å–æ & medium / —Å—Ä–µ–¥
                                                  –Ω–∏–π & Animal descriptio...

? 

! LaTeX Error: Unicode character –Ω (U+043D)
               not set up for use with LaTeX.

See the LaTeX manual or LaTeX Companion for explanation.
Type  H <return>  for immediate help.
 ...                                              
                                                  
l.11 ...–∞ & meat / –º—è—Å–æ & medium / —Å—Ä–µ–¥–Ω
                                                  –∏–π & Animal description....

? 

! LaTeX Error: Unicode character –∏ (U+0438)
               not set up for use with LaTeX.

See the LaTeX manual or LaTeX Companion for explanation.
Type  H <return>  for immediate help.
 ...                                              
                                                  
l.11 ... & meat / –º—è—Å–æ & medium / —Å—Ä–µ–¥–Ω–∏
                                                  –π & Animal description... \\

? 

! LaTeX Error: Unicode character –π (U+0439)
               not set up for use with LaTeX.

See the LaTeX manual or LaTeX Companion for explanation.
Type  H <return>  for immediate help.
 ...                                              
                                                  
l.11 ... meat / –º—è—Å–æ & medium / —Å—Ä–µ–¥–Ω–∏–π
                                                   & Animal description... \\
? 

Underfull \hbox (badness 10000) in paragraph at lines 11--12
[]|\T1/cmr/m/n/10 Animal de-scrip-
 []


! LaTeX Error: Unicode character –ª (U+043B)
               not set up for use with LaTeX.

See the LaTeX manual or LaTeX Companion for explanation.
Type  H <return>  for immediate help.
 ...                                              
                                                  
l.12 horse / –ª
               –æ—à–∞–¥—å & hay / —Å–µ–Ω–æ & large / –±–æ–ª—å—à–æ–π & Large ...

? 

! LaTeX Error: Unicode character –æ (U+043E)
               not set up for use with LaTeX.

See the LaTeX manual or LaTeX Companion for explanation.
Type  H <return>  for immediate help.
 ...                                              
                                                  
l.12 horse / –ª–æ
                 —à–∞–¥—å & hay / —Å–µ–Ω–æ & large / –±–æ–ª—å—à–æ–π & Large ...

? 

! LaTeX Error: Unicode character —à (U+0448)
               not set up for use with LaTeX.

See the LaTeX manual or LaTeX Companion for explanation.
Type  H <return>  for immediate help.
 ...                                              
                                                  
l.12 horse / –ª–æ—à
                   –∞–¥—å & hay / —Å–µ–Ω–æ & large / –±–æ–ª—å—à–æ–π & Large ...

? 

! LaTeX Error: Unicode character –∞ (U+0430)
               not set up for use with LaTeX.

See the LaTeX manual or LaTeX Companion for explanation.
Type  H <return>  for immediate help.
 ...                                              
                                                  
l.12 horse / –ª–æ—à–∞
                     –¥—å & hay / —Å–µ–Ω–æ & large / –±–æ–ª—å—à–æ–π & Large ...

? 

! LaTeX Error: Unicode character –¥ (U+0434)
               not set up for use with LaTeX.

See the LaTeX manual or LaTeX Companion for explanation.
Type  H <return>  for immediate help.
 ...                                              
                                                  
l.12 horse / –ª–æ—à–∞–¥
                       —å & hay / —Å–µ–Ω–æ & large / –±–æ–ª—å—à–æ–π & Large ...

? 

! LaTeX Error: Unicode character —å (U+044C)
               not set up for use with LaTeX.

See the LaTeX manual or LaTeX Companion for explanation.
Type  H <return>  for immediate help.
 ...                                              
                                                  
l.12 horse / –ª–æ—à–∞–¥—å
                          & hay / —Å–µ–Ω–æ & large / –±–æ–ª—å—à–æ–π & Large ...

? 

! LaTeX Error: Unicode character —Å (U+0441)
               not set up for use with LaTeX.

See the LaTeX manual or LaTeX Companion for explanation.
Type  H <return>  for immediate help.
 ...                                              
                                                  
l.12 horse / –ª–æ—à–∞–¥—å & hay / —Å
                                    –µ–Ω–æ & large / –±–æ–ª—å—à–æ–π & Large ...

? 

! LaTeX Error: Unicode character –µ (U+0435)
               not set up for use with LaTeX.

See the LaTeX manual or LaTeX Companion for explanation.
Type  H <return>  for immediate help.
 ...                                              
                                                  
l.12 horse / –ª–æ—à–∞–¥—å & hay / —Å–µ
                                      –Ω–æ & large / –±–æ–ª—å—à–æ–π & Large ...

? 

! LaTeX Error: Unicode character –Ω (U+043D)
               not set up for use with LaTeX.

See the LaTeX manual or LaTeX Companion for explanation.
Type  H <return>  for immediate help.
 ...                                              
                                                  
l.12 horse / –ª–æ—à–∞–¥—å & hay / —Å–µ–Ω
                                        –æ & large / –±–æ–ª—å—à–æ–π & Large ...

? 

! LaTeX Error: Unicode character –æ (U+043E)
               not set up for use with LaTeX.

See the LaTeX manual or LaTeX Companion for explanation.
Type  H <return>  for immediate help.
 ...                                              
                                                  
l.12 horse / –ª–æ—à–∞–¥—å & hay / —Å–µ–Ω–æ
                                           & large / –±–æ–ª—å—à–æ–π & Large ...

? 

! LaTeX Error: Unicode character –± (U+0431)
               not set up for use with LaTeX.

See the LaTeX manual or LaTeX Companion for explanation.
Type  H <return>  for immediate help.
 ...                                              
                                                  
l.12 ...–ª–æ—à–∞–¥—å & hay / —Å–µ–Ω–æ & large / –±
                                                  –æ–ª—å—à–æ–π & Large herbi...

? 

! LaTeX Error: Unicode character –æ (U+043E)
               not set up for use with LaTeX.

See the LaTeX manual or LaTeX Companion for explanation.
Type  H <return>  for immediate help.
 ...                                              
                                                  
l.12 ...–æ—à–∞–¥—å & hay / —Å–µ–Ω–æ & large / –±–æ
                                                  –ª—å—à–æ–π & Large herbivo...

? 

! LaTeX Error: Unicode character –ª (U+043B)
               not set up for use with LaTeX.

See the LaTeX manual or LaTeX Companion for explanation.
Type  H <return>  for immediate help.
 ...                                              
                                                  
l.12 ...—à–∞–¥—å & hay / —Å–µ–Ω–æ & large / –±–æ–ª
                                                  —å—à–æ–π & Large herbivoro...

? 

! LaTeX Error: Unicode character —å (U+044C)
               not set up for use with LaTeX.

See the LaTeX manual or LaTeX Companion for explanation.
Type  H <return>  for immediate help.
 ...                                              
                                                  
l.12 ...–∞–¥—å & hay / —Å–µ–Ω–æ & large / –±–æ–ª—å
                                                  —à–æ–π & Large herbivorous...

? 

! LaTeX Error: Unicode character —à (U+0448)
               not set up for use with LaTeX.

See the LaTeX manual or LaTeX Companion for explanation.
Type  H <return>  for immediate help.
 ...                                              
                                                  
l.12 ...–¥—å & hay / —Å–µ–Ω–æ & large / –±–æ–ª—å—à
                                                  –æ–π & Large herbivorous m...

? 

! LaTeX Error: Unicode character –æ (U+043E)
               not set up for use with LaTeX.

See the LaTeX manual or LaTeX Companion for explanation.
Type  H <return>  for immediate help.
 ...                                              
                                                  
l.12 ...—å & hay / —Å–µ–Ω–æ & large / –±–æ–ª—å—à–æ
                                                  –π & Large herbivorous mam...

? 

! LaTeX Error: Unicode character –π (U+0439)
               not set up for use with LaTeX.

See the LaTeX manual or LaTeX Companion for explanation.
Type  H <return>  for immediate help.
 ...                                              
                                                  
l.12 ... & hay / —Å–µ–Ω–æ & large / –±–æ–ª—å—à–æ–π
                                                   & Large herbivorous mamma...

? 

Underfull \hbox (badness 6691) in paragraph at lines 12--13
[]|\T1/cmr/m/n/10 Large her-biv-o-rous
 []


! LaTeX Error: Unicode character –ª (U+043B)
               not set up for use with LaTeX.

See the LaTeX manual or LaTeX Companion for explanation.
Type  H <return>  for immediate help.
 ...                                              
                                                  
l.13 frog / –ª
              —è–≥—É—à–∫–∞ & flies / –º—É—Ö–∏ & small / –º–∞–ª–µ–Ω—å–∫–∏–π &...

? 

! LaTeX Error: Unicode character —è (U+044F)
               not set up for use with LaTeX.

See the LaTeX manual or LaTeX Companion for explanation.
Type  H <return>  for immediate help.
 ...                                              
                                                  
l.13 frog / –ª—è
                –≥—É—à–∫–∞ & flies / –º—É—Ö–∏ & small / –º–∞–ª–µ–Ω—å–∫–∏–π &...

? 

! LaTeX Error: Unicode character –≥ (U+0433)
               not set up for use with LaTeX.

See the LaTeX manual or LaTeX Companion for explanation.
Type  H <return>  for immediate help.
 ...                                              
                                                  
l.13 frog / –ª—è–≥
                  —É—à–∫–∞ & flies / –º—É—Ö–∏ & small / –º–∞–ª–µ–Ω—å–∫–∏–π &...

? 

! LaTeX Error: Unicode character —É (U+0443)
               not set up for use with LaTeX.

See the LaTeX manual or LaTeX Companion for explanation.
Type  H <return>  for immediate help.
 ...                                              
                                                  
l.13 frog / –ª—è–≥—É
                    —à–∫–∞ & flies / –º—É—Ö–∏ & small / –º–∞–ª–µ–Ω—å–∫–∏–π &...

? 

! LaTeX Error: Unicode character —à (U+0448)
               not set up for use with LaTeX.

See the LaTeX manual or LaTeX Companion for explanation.
Type  H <return>  for immediate help.
 ...                                              
                                                  
l.13 frog / –ª—è–≥—É—à
                      –∫–∞ & flies / –º—É—Ö–∏ & small / –º–∞–ª–µ–Ω—å–∫–∏–π &...

? 

! LaTeX Error: Unicode character –∫ (U+043A)
               not set up for use with LaTeX.

See the LaTeX manual or LaTeX Companion for explanation.
Type  H <return>  for immediate help.
 ...                                              
                                                  
l.13 frog / –ª—è–≥—É—à–∫
                        –∞ & flies / –º—É—Ö–∏ & small / –º–∞–ª–µ–Ω—å–∫–∏–π &...

? 

! LaTeX Error: Unicode character –∞ (U+0430)
               not set up for use with LaTeX.

See the LaTeX manual or LaTeX Companion for explanation.
Type  H <return>  for immediate help.
 ...                                              
                                                  
l.13 frog / –ª—è–≥—É—à–∫–∞
                           & flies / –º—É—Ö–∏ & small / –º–∞–ª–µ–Ω—å–∫–∏–π &...

? 

! LaTeX Error: Unicode character –º (U+043C)
               not set up for use with LaTeX.

See the LaTeX manual or LaTeX Companion for explanation.
Type  H <return>  for immediate help.
 ...                                              
                                                  
l.13 frog / –ª—è–≥—É—à–∫–∞ & flies / –º
                                       —É—Ö–∏ & small / –º–∞–ª–µ–Ω—å–∫–∏–π &...

? 

! LaTeX Error: Unicode character —É (U+0443)
               not set up for use with LaTeX.

See the LaTeX manual or LaTeX Companion for explanation.
Type  H <return>  for immediate help.
 ...                                              
                                                  
l.13 frog / –ª—è–≥—É—à–∫–∞ & flies / –º—É
                                         —Ö–∏ & small / –º–∞–ª–µ–Ω—å–∫–∏–π &...

? 

! LaTeX Error: Unicode character —Ö (U+0445)
               not set up for use with LaTeX.

See the LaTeX manual or LaTeX Companion for explanation.
Type  H <return>  for immediate help.
 ...                                              
                                                  
l.13 frog / –ª—è–≥—É—à–∫–∞ & flies / –º—É—Ö
                                           –∏ & small / –º–∞–ª–µ–Ω—å–∫–∏–π &...

? 

! LaTeX Error: Unicode character –∏ (U+0438)
               not set up for use with LaTeX.

See the LaTeX manual or LaTeX Companion for explanation.
Type  H <return>  for immediate help.
 ...                                              
                                                  
l.13 frog / –ª—è–≥—É—à–∫–∞ & flies / –º—É—Ö–∏
                                              & small / –º–∞–ª–µ–Ω—å–∫–∏–π &...

? 

! LaTeX Error: Unicode character –º (U+043C)
               not set up for use with LaTeX.

See the LaTeX manual or LaTeX Companion for explanation.
Type  H <return>  for immediate help.
 ...                                              
                                                  
l.13 ...–≥—É—à–∫–∞ & flies / –º—É—Ö–∏ & small / –º
                                                  –∞–ª–µ–Ω—å–∫–∏–π & Small a...

? 

! LaTeX Error: Unicode character –∞ (U+0430)
               not set up for use with LaTeX.

See the LaTeX manual or LaTeX Companion for explanation.
Type  H <return>  for immediate help.
 ...                                              
                                                  
l.13 ...—É—à–∫–∞ & flies / –º—É—Ö–∏ & small / –º–∞
                                                  –ª–µ–Ω—å–∫–∏–π & Small amp...

? 

! LaTeX Error: Unicode character –ª (U+043B)
               not set up for use with LaTeX.

See the LaTeX manual or LaTeX Companion for explanation.
Type  H <return>  for immediate help.
 ...                                              
                                                  
l.13 ...—à–∫–∞ & flies / –º—É—Ö–∏ & small / –º–∞–ª
                                                  –µ–Ω—å–∫–∏–π & Small amphi...

? 

! LaTeX Error: Unicode character –µ (U+0435)
               not set up for use with LaTeX.

See the LaTeX manual or LaTeX Companion for explanation.
Type  H <return>  for immediate help.
 ...                                              
                                                  
l.13 ...–∫–∞ & flies / –º—É—Ö–∏ & small / –º–∞–ª–µ
                                                  –Ω—å–∫–∏–π & Small amphibi...

? 

! LaTeX Error: Unicode character –Ω (U+043D)
               not set up for use with LaTeX.

See the LaTeX manual or LaTeX Companion for explanation.
Type  H <return>  for immediate help.
 ...                                              
                                                  
l.13 ...–∞ & flies / –º—É—Ö–∏ & small / –º–∞–ª–µ–Ω
                                                  —å–∫–∏–π & Small amphibian...

? 

! LaTeX Error: Unicode character —å (U+044C)
               not set up for use with LaTeX.

See the LaTeX manual or LaTeX Companion for explanation.
Type  H <return>  for immediate help.
 ...                                              
                                                  
l.13 ... & flies / –º—É—Ö–∏ & small / –º–∞–ª–µ–Ω—å
                                                  –∫–∏–π & Small amphibian c...

? 

! LaTeX Error: Unicode character –∫ (U+043A)
               not set up for use with LaTeX.

See the LaTeX manual or LaTeX Companion for explanation.
Type  H <return>  for immediate help.
 ...                                              
                                                  
l.13 ... flies / –º—É—Ö–∏ & small / –º–∞–ª–µ–Ω—å–∫
                                                  –∏–π & Small amphibian cre...

? 

! LaTeX Error: Unicode character –∏ (U+0438)
               not set up for use with LaTeX.

See the LaTeX manual or LaTeX Companion for explanation.
Type  H <return>  for immediate help.
 ...                                              
                                                  
l.13 ...lies / –º—É—Ö–∏ & small / –º–∞–ª–µ–Ω—å–∫–∏
                                                  –π & Small amphibian creat...

? 

! LaTeX Error: Unicode character –π (U+0439)
               not set up for use with LaTeX.

See the LaTeX manual or LaTeX Companion for explanation.
Type  H <return>  for immediate help.
 ...                                              
                                                  
l.13 ...es / –º—É—Ö–∏ & small / –º–∞–ª–µ–Ω—å–∫–∏–π
                                                   & Small amphibian creatur...

? 

Underfull \hbox (badness 10000) in paragraph at lines 13--14
[]|\T1/cmr/m/n/10 Small am-phib-ian
 []

! Undefined control sequence.
<recently read> \bottomrule 
                            
l.14 \bottomrule
                
? 


[1

{c:/texlive/2025/texmf-var/fonts/map/pdftex/updmap/pdftex.map}]
(./Exo5_14_2.aux)
 ***********
LaTeX2e <2025-06-01> patch level 1
L3 programming layer <2025-09-02>
 ***********
 ) 
Here is how much of TeX's memory you used:
 753 strings out of 469735
 10986 string characters out of 5481518
 433987 words of memory out of 5000000
 29222 multiletter control sequences out of 15000+600000
 628364 words of font info for 42 fonts, out of 8000000 for 9000
 36 hyphenation exceptions out of 8191
 35i,8n,38p,174b,167s stack positions out of 10000i,1000n,20000p,200000b,200000s
 <c:/Users/KONE/.texlive2025/texmf-var/fonts/pk/ljfour/jknappen/ec/ecrm1000.6
00pk> <c:/Users/KONE/.texlive2025/texmf-var/fonts/pk/ljfour/jknappen/ec/ecbx100
0.600pk>
Output written on Exo5_14_2.pdf (1 page, 13795 bytes).
PDF statistics:
 62 PDF objects out of 1000 (max. 8388607)
 12 compressed objects within 1 object stream
 0 named destinations out of 1000 (max. 500000)
 1 words of extra memory for PDF output out of 10000 (max. 10000000)

