This is pdfTeX, Version 3.141592653-2.6-1.40.28 (TeX Live 2025) (preloaded format=pdflatex 2025.9.22)  28 OCT 2025 20:31
entering extended mode
 restricted \write18 enabled.
 %&-line parsing enabled.
**Exo5_14_5_1.tex
(./Exo5_14_5_1.tex
LaTeX2e <2025-06-01> patch level 1
L3 programming layer <2025-09-02>
(c:/texlive/2025/texmf-dist/tex/latex/base/article.cls
Document Class: article 2025/01/22 v1.4n Standard LaTeX document class
(c:/texlive/2025/texmf-dist/tex/latex/base/size10.clo
File: size10.clo 2025/01/22 v1.4n Standard LaTeX file (size option)
)
\c@part=\count275
\c@section=\count276
\c@subsection=\count277
\c@subsubsection=\count278
\c@paragraph=\count279
\c@subparagraph=\count280
\c@figure=\count281
\c@table=\count282
\abovecaptionskip=\skip49
\belowcaptionskip=\skip50
\bibindent=\dimen148
)
(c:/texlive/2025/texmf-dist/tex/latex/base/fontenc.sty
Package: fontenc 2024/12/21 v2.1c Standard LaTeX package
)
(c:/texlive/2025/texmf-dist/tex/latex/tools/array.sty
Package: array 2025/06/08 v2.6j Tabular extension package (FMi)
\col@sep=\dimen149
\ar@mcellbox=\box53
\extrarowheight=\dimen150
\NC@list=\toks17
\extratabsurround=\skip51
\backup@length=\skip52
\ar@cellbox=\box54
)
(c:/texlive/2025/texmf-dist/tex/latex/booktabs/booktabs.sty
Package: booktabs 2020/01/12 v1.61803398 Publication quality tables
\heavyrulewidth=\dimen151
\lightrulewidth=\dimen152
\cmidrulewidth=\dimen153
\belowrulesep=\dimen154
\belowbottomsep=\dimen155
\aboverulesep=\dimen156
\abovetopsep=\dimen157
\cmidrulesep=\dimen158
\cmidrulekern=\dimen159
\defaultaddspace=\dimen160
\@cmidla=\count283
\@cmidlb=\count284
\@aboverulesep=\dimen161
\@belowrulesep=\dimen162
\@thisruleclass=\count285
\@lastruleclass=\count286
\@thisrulewidth=\dimen163
)
(c:/texlive/2025/texmf-dist/tex/latex/l3backend/l3backend-pdftex.def
File: l3backend-pdftex.def 2025-06-09 L3 backend support: PDF output (pdfTeX)
\l__color_backend_stack_int=\count287
)
No file Exo5_14_5_1.aux.
\openout1 = `Exo5_14_5_1.aux'.

LaTeX Font Info:    Checking defaults for OML/cmm/m/it on input line 6.
LaTeX Font Info:    ... okay on input line 6.
LaTeX Font Info:    Checking defaults for OMS/cmsy/m/n on input line 6.
LaTeX Font Info:    ... okay on input line 6.
LaTeX Font Info:    Checking defaults for OT1/cmr/m/n on input line 6.
LaTeX Font Info:    ... okay on input line 6.
LaTeX Font Info:    Checking defaults for T1/cmr/m/n on input line 6.
LaTeX Font Info:    ... okay on input line 6.
LaTeX Font Info:    Checking defaults for TS1/cmr/m/n on input line 6.
LaTeX Font Info:    ... okay on input line 6.
LaTeX Font Info:    Checking defaults for OMX/cmex/m/n on input line 6.
LaTeX Font Info:    ... okay on input line 6.
LaTeX Font Info:    Checking defaults for U/cmr/m/n on input line 6.
LaTeX Font Info:    ... okay on input line 6.
LaTeX Font Info:    External font `cmex10' loaded for size
(Font)              <7> on input line 13.
LaTeX Font Info:    External font `cmex10' loaded for size
(Font)              <5> on input line 13.

! LaTeX Error: Unicode character –° (U+0421)
               not set up for use with LaTeX.

See the LaTeX manual or LaTeX Companion for explanation.
Type  H <return>  for immediate help.
 ...                                              
                                                  
l.27 –°
       –ª–µ–≤–∞ & –¶–µ–Ω—Ç—Ä & –°–ø—Ä–∞–≤–∞ & –ü–∞—Ä–∞–≥—Ä–∞—Ñ \\
? 

! LaTeX Error: Unicode character –ª (U+043B)
               not set up for use with LaTeX.

See the LaTeX manual or LaTeX Companion for explanation.
Type  H <return>  for immediate help.
 ...                                              
                                                  
l.27 –°–ª
         –µ–≤–∞ & –¶–µ–Ω—Ç—Ä & –°–ø—Ä–∞–≤–∞ & –ü–∞—Ä–∞–≥—Ä–∞—Ñ \\
? 

! LaTeX Error: Unicode character –µ (U+0435)
               not set up for use with LaTeX.

See the LaTeX manual or LaTeX Companion for explanation.
Type  H <return>  for immediate help.
 ...                                              
                                                  
l.27 –°–ª–µ
           –≤–∞ & –¶–µ–Ω—Ç—Ä & –°–ø—Ä–∞–≤–∞ & –ü–∞—Ä–∞–≥—Ä–∞—Ñ \\
? 

! LaTeX Error: Unicode character –≤ (U+0432)
               not set up for use with LaTeX.

See the LaTeX manual or LaTeX Companion for explanation.
Type  H <return>  for immediate help.
 ...                                              
                                                  
l.27 –°–ª–µ–≤
             –∞ & –¶–µ–Ω—Ç—Ä & –°–ø—Ä–∞–≤–∞ & –ü–∞—Ä–∞–≥—Ä–∞—Ñ \\
? 

! LaTeX Error: Unicode character –∞ (U+0430)
               not set up for use with LaTeX.

See the LaTeX manual or LaTeX Companion for explanation.
Type  H <return>  for immediate help.
 ...                                              
                                                  
l.27 –°–ª–µ–≤–∞
                & –¶–µ–Ω—Ç—Ä & –°–ø—Ä–∞–≤–∞ & –ü–∞—Ä–∞–≥—Ä–∞—Ñ \\
? 

! LaTeX Error: Unicode character –¶ (U+0426)
               not set up for use with LaTeX.

See the LaTeX manual or LaTeX Companion for explanation.
Type  H <return>  for immediate help.
 ...                                              
                                                  
l.27 –°–ª–µ–≤–∞ & –¶
                    –µ–Ω—Ç—Ä & –°–ø—Ä–∞–≤–∞ & –ü–∞—Ä–∞–≥—Ä–∞—Ñ \\
? 

! LaTeX Error: Unicode character –µ (U+0435)
               not set up for use with LaTeX.

See the LaTeX manual or LaTeX Companion for explanation.
Type  H <return>  for immediate help.
 ...                                              
                                                  
l.27 –°–ª–µ–≤–∞ & –¶–µ
                      –Ω—Ç—Ä & –°–ø—Ä–∞–≤–∞ & –ü–∞—Ä–∞–≥—Ä–∞—Ñ \\
? 

! LaTeX Error: Unicode character –Ω (U+043D)
               not set up for use with LaTeX.

See the LaTeX manual or LaTeX Companion for explanation.
Type  H <return>  for immediate help.
 ...                                              
                                                  
l.27 –°–ª–µ–≤–∞ & –¶–µ–Ω
                        —Ç—Ä & –°–ø—Ä–∞–≤–∞ & –ü–∞—Ä–∞–≥—Ä–∞—Ñ \\
? 

! LaTeX Error: Unicode character —Ç (U+0442)
               not set up for use with LaTeX.

See the LaTeX manual or LaTeX Companion for explanation.
Type  H <return>  for immediate help.
 ...                                              
                                                  
l.27 –°–ª–µ–≤–∞ & –¶–µ–Ω—Ç
                          —Ä & –°–ø—Ä–∞–≤–∞ & –ü–∞—Ä–∞–≥—Ä–∞—Ñ \\
? 

! LaTeX Error: Unicode character —Ä (U+0440)
               not set up for use with LaTeX.

See the LaTeX manual or LaTeX Companion for explanation.
Type  H <return>  for immediate help.
 ...                                              
                                                  
l.27 –°–ª–µ–≤–∞ & –¶–µ–Ω—Ç—Ä
                             & –°–ø—Ä–∞–≤–∞ & –ü–∞—Ä–∞–≥—Ä–∞—Ñ \\
? 

! LaTeX Error: Unicode character –° (U+0421)
               not set up for use with LaTeX.

See the LaTeX manual or LaTeX Companion for explanation.
Type  H <return>  for immediate help.
 ...                                              
                                                  
l.27 –°–ª–µ–≤–∞ & –¶–µ–Ω—Ç—Ä & –°
                                 –ø—Ä–∞–≤–∞ & –ü–∞—Ä–∞–≥—Ä–∞—Ñ \\
? 

! LaTeX Error: Unicode character –ø (U+043F)
               not set up for use with LaTeX.

See the LaTeX manual or LaTeX Companion for explanation.
Type  H <return>  for immediate help.
 ...                                              
                                                  
l.27 –°–ª–µ–≤–∞ & –¶–µ–Ω—Ç—Ä & –°–ø
                                   —Ä–∞–≤–∞ & –ü–∞—Ä–∞–≥—Ä–∞—Ñ \\
? 

! LaTeX Error: Unicode character —Ä (U+0440)
               not set up for use with LaTeX.

See the LaTeX manual or LaTeX Companion for explanation.
Type  H <return>  for immediate help.
 ...                                              
                                                  
l.27 –°–ª–µ–≤–∞ & –¶–µ–Ω—Ç—Ä & –°–ø—Ä
                                     –∞–≤–∞ & –ü–∞—Ä–∞–≥—Ä–∞—Ñ \\
? 

! LaTeX Error: Unicode character –∞ (U+0430)
               not set up for use with LaTeX.

See the LaTeX manual or LaTeX Companion for explanation.
Type  H <return>  for immediate help.
 ...                                              
                                                  
l.27 –°–ª–µ–≤–∞ & –¶–µ–Ω—Ç—Ä & –°–ø—Ä–∞
                                       –≤–∞ & –ü–∞—Ä–∞–≥—Ä–∞—Ñ \\
? 

! LaTeX Error: Unicode character –≤ (U+0432)
               not set up for use with LaTeX.

See the LaTeX manual or LaTeX Companion for explanation.
Type  H <return>  for immediate help.
 ...                                              
                                                  
l.27 –°–ª–µ–≤–∞ & –¶–µ–Ω—Ç—Ä & –°–ø—Ä–∞–≤
                                         –∞ & –ü–∞—Ä–∞–≥—Ä–∞—Ñ \\
? 

! LaTeX Error: Unicode character –∞ (U+0430)
               not set up for use with LaTeX.

See the LaTeX manual or LaTeX Companion for explanation.
Type  H <return>  for immediate help.
 ...                                              
                                                  
l.27 –°–ª–µ–≤–∞ & –¶–µ–Ω—Ç—Ä & –°–ø—Ä–∞–≤–∞
                                            & –ü–∞—Ä–∞–≥—Ä–∞—Ñ \\
? 

! LaTeX Error: Unicode character –ü (U+041F)
               not set up for use with LaTeX.

See the LaTeX manual or LaTeX Companion for explanation.
Type  H <return>  for immediate help.
 ...                                              
                                                  
l.27 –°–ª–µ–≤–∞ & –¶–µ–Ω—Ç—Ä & –°–ø—Ä–∞–≤–∞ & –ü
                                                –∞—Ä–∞–≥—Ä–∞—Ñ \\
? 

! LaTeX Error: Unicode character –∞ (U+0430)
               not set up for use with LaTeX.

See the LaTeX manual or LaTeX Companion for explanation.
Type  H <return>  for immediate help.
 ...                                              
                                                  
l.27 –°–ª–µ–≤–∞ & –¶–µ–Ω—Ç—Ä & –°–ø—Ä–∞–≤–∞ & –ü–∞
                                                  —Ä–∞–≥—Ä–∞—Ñ \\
? 

! LaTeX Error: Unicode character —Ä (U+0440)
               not set up for use with LaTeX.

See the LaTeX manual or LaTeX Companion for explanation.
Type  H <return>  for immediate help.
 ...                                              
                                                  
l.27 ...µ–≤–∞ & –¶–µ–Ω—Ç—Ä & –°–ø—Ä–∞–≤–∞ & –ü–∞—Ä
                                                  –∞–≥—Ä–∞—Ñ \\
? 

! LaTeX Error: Unicode character –∞ (U+0430)
               not set up for use with LaTeX.

See the LaTeX manual or LaTeX Companion for explanation.
Type  H <return>  for immediate help.
 ...                                              
                                                  
l.27 ...≤–∞ & –¶–µ–Ω—Ç—Ä & –°–ø—Ä–∞–≤–∞ & –ü–∞—Ä–∞
                                                  –≥—Ä–∞—Ñ \\
? 

! LaTeX Error: Unicode character –≥ (U+0433)
               not set up for use with LaTeX.

See the LaTeX manual or LaTeX Companion for explanation.
Type  H <return>  for immediate help.
 ...                                              
                                                  
l.27 ...∞ & –¶–µ–Ω—Ç—Ä & –°–ø—Ä–∞–≤–∞ & –ü–∞—Ä–∞–≥
                                                  —Ä–∞—Ñ \\
? 

! LaTeX Error: Unicode character —Ä (U+0440)
               not set up for use with LaTeX.

See the LaTeX manual or LaTeX Companion for explanation.
Type  H <return>  for immediate help.
 ...                                              
                                                  
l.27 ...& –¶–µ–Ω—Ç—Ä & –°–ø—Ä–∞–≤–∞ & –ü–∞—Ä–∞–≥—Ä
                                                  –∞—Ñ \\
? 

! LaTeX Error: Unicode character –∞ (U+0430)
               not set up for use with LaTeX.

See the LaTeX manual or LaTeX Companion for explanation.
Type  H <return>  for immediate help.
 ...                                              
                                                  
l.27 ...–¶–µ–Ω—Ç—Ä & –°–ø—Ä–∞–≤–∞ & –ü–∞—Ä–∞–≥—Ä–∞
                                                  —Ñ \\
? 

! LaTeX Error: Unicode character —Ñ (U+0444)
               not set up for use with LaTeX.

See the LaTeX manual or LaTeX Companion for explanation.
Type  H <return>  for immediate help.
 ...                                              
                                                  
l.27 ...–µ–Ω—Ç—Ä & –°–ø—Ä–∞–≤–∞ & –ü–∞—Ä–∞–≥—Ä–∞—Ñ
                                                   \\
? 

Underfull \hbox (badness 10000) in paragraph at lines 29--30
[]|\T1/cmr/m/n/10 Long text
 []


! LaTeX Error: Unicode character –¥ (U+0434)
               not set up for use with LaTeX.

See the LaTeX manual or LaTeX Companion for explanation.
Type  H <return>  for immediate help.
 ...                                              
                                                  
l.30 –¥
       –∞–Ω–Ω—ã–µ & –¥–∞–Ω–Ω—ã–µ & –¥–∞–Ω–Ω—ã–µ & –î–ª–∏–Ω–Ω—ã–π —Ç–µ–∫—Å—Ç ...

? 

! LaTeX Error: Unicode character –∞ (U+0430)
               not set up for use with LaTeX.

See the LaTeX manual or LaTeX Companion for explanation.
Type  H <return>  for immediate help.
 ...                                              
                                                  
l.30 –¥–∞
         –Ω–Ω—ã–µ & –¥–∞–Ω–Ω—ã–µ & –¥–∞–Ω–Ω—ã–µ & –î–ª–∏–Ω–Ω—ã–π —Ç–µ–∫—Å—Ç ...

? 

! LaTeX Error: Unicode character –Ω (U+043D)
               not set up for use with LaTeX.

See the LaTeX manual or LaTeX Companion for explanation.
Type  H <return>  for immediate help.
 ...                                              
                                                  
l.30 –¥–∞–Ω
           –Ω—ã–µ & –¥–∞–Ω–Ω—ã–µ & –¥–∞–Ω–Ω—ã–µ & –î–ª–∏–Ω–Ω—ã–π —Ç–µ–∫—Å—Ç ...

? 

! LaTeX Error: Unicode character –Ω (U+043D)
               not set up for use with LaTeX.

See the LaTeX manual or LaTeX Companion for explanation.
Type  H <return>  for immediate help.
 ...                                              
                                                  
l.30 –¥–∞–Ω–Ω
             —ã–µ & –¥–∞–Ω–Ω—ã–µ & –¥–∞–Ω–Ω—ã–µ & –î–ª–∏–Ω–Ω—ã–π —Ç–µ–∫—Å—Ç ...

? 

! LaTeX Error: Unicode character —ã (U+044B)
               not set up for use with LaTeX.

See the LaTeX manual or LaTeX Companion for explanation.
Type  H <return>  for immediate help.
 ...                                              
                                                  
l.30 –¥–∞–Ω–Ω—ã
               –µ & –¥–∞–Ω–Ω—ã–µ & –¥–∞–Ω–Ω—ã–µ & –î–ª–∏–Ω–Ω—ã–π —Ç–µ–∫—Å—Ç ...

? 

! LaTeX Error: Unicode character –µ (U+0435)
               not set up for use with LaTeX.

See the LaTeX manual or LaTeX Companion for explanation.
Type  H <return>  for immediate help.
 ...                                              
                                                  
l.30 –¥–∞–Ω–Ω—ã–µ
                  & –¥–∞–Ω–Ω—ã–µ & –¥–∞–Ω–Ω—ã–µ & –î–ª–∏–Ω–Ω—ã–π —Ç–µ–∫—Å—Ç ...

? 

! LaTeX Error: Unicode character –¥ (U+0434)
               not set up for use with LaTeX.

See the LaTeX manual or LaTeX Companion for explanation.
Type  H <return>  for immediate help.
 ...                                              
                                                  
l.30 –¥–∞–Ω–Ω—ã–µ & –¥
                      –∞–Ω–Ω—ã–µ & –¥–∞–Ω–Ω—ã–µ & –î–ª–∏–Ω–Ω—ã–π —Ç–µ–∫—Å—Ç ...

? 

! LaTeX Error: Unicode character –∞ (U+0430)
               not set up for use with LaTeX.

See the LaTeX manual or LaTeX Companion for explanation.
Type  H <return>  for immediate help.
 ...                                              
                                                  
l.30 –¥–∞–Ω–Ω—ã–µ & –¥–∞
                        –Ω–Ω—ã–µ & –¥–∞–Ω–Ω—ã–µ & –î–ª–∏–Ω–Ω—ã–π —Ç–µ–∫—Å—Ç ...

? 

! LaTeX Error: Unicode character –Ω (U+043D)
               not set up for use with LaTeX.

See the LaTeX manual or LaTeX Companion for explanation.
Type  H <return>  for immediate help.
 ...                                              
                                                  
l.30 –¥–∞–Ω–Ω—ã–µ & –¥–∞–Ω
                          –Ω—ã–µ & –¥–∞–Ω–Ω—ã–µ & –î–ª–∏–Ω–Ω—ã–π —Ç–µ–∫—Å—Ç ...

? 

! LaTeX Error: Unicode character –Ω (U+043D)
               not set up for use with LaTeX.

See the LaTeX manual or LaTeX Companion for explanation.
Type  H <return>  for immediate help.
 ...                                              
                                                  
l.30 –¥–∞–Ω–Ω—ã–µ & –¥–∞–Ω–Ω
                            —ã–µ & –¥–∞–Ω–Ω—ã–µ & –î–ª–∏–Ω–Ω—ã–π —Ç–µ–∫—Å—Ç ...

? 

! LaTeX Error: Unicode character —ã (U+044B)
               not set up for use with LaTeX.

See the LaTeX manual or LaTeX Companion for explanation.
Type  H <return>  for immediate help.
 ...                                              
                                                  
l.30 –¥–∞–Ω–Ω—ã–µ & –¥–∞–Ω–Ω—ã
                              –µ & –¥–∞–Ω–Ω—ã–µ & –î–ª–∏–Ω–Ω—ã–π —Ç–µ–∫—Å—Ç ...

? 

! LaTeX Error: Unicode character –µ (U+0435)
               not set up for use with LaTeX.

See the LaTeX manual or LaTeX Companion for explanation.
Type  H <return>  for immediate help.
 ...                                              
                                                  
l.30 –¥–∞–Ω–Ω—ã–µ & –¥–∞–Ω–Ω—ã–µ
                                 & –¥–∞–Ω–Ω—ã–µ & –î–ª–∏–Ω–Ω—ã–π —Ç–µ–∫—Å—Ç ...

? 

! LaTeX Error: Unicode character –¥ (U+0434)
               not set up for use with LaTeX.

See the LaTeX manual or LaTeX Companion for explanation.
Type  H <return>  for immediate help.
 ...                                              
                                                  
l.30 –¥–∞–Ω–Ω—ã–µ & –¥–∞–Ω–Ω—ã–µ & –¥
                                     –∞–Ω–Ω—ã–µ & –î–ª–∏–Ω–Ω—ã–π —Ç–µ–∫—Å—Ç ...

? 

! LaTeX Error: Unicode character –∞ (U+0430)
               not set up for use with LaTeX.

See the LaTeX manual or LaTeX Companion for explanation.
Type  H <return>  for immediate help.
 ...                                              
                                                  
l.30 –¥–∞–Ω–Ω—ã–µ & –¥–∞–Ω–Ω—ã–µ & –¥–∞
                                       –Ω–Ω—ã–µ & –î–ª–∏–Ω–Ω—ã–π —Ç–µ–∫—Å—Ç ...

? 

! LaTeX Error: Unicode character –Ω (U+043D)
               not set up for use with LaTeX.

See the LaTeX manual or LaTeX Companion for explanation.
Type  H <return>  for immediate help.
 ...                                              
                                                  
l.30 –¥–∞–Ω–Ω—ã–µ & –¥–∞–Ω–Ω—ã–µ & –¥–∞–Ω
                                         –Ω—ã–µ & –î–ª–∏–Ω–Ω—ã–π —Ç–µ–∫—Å—Ç ...

? 

! LaTeX Error: Unicode character –Ω (U+043D)
               not set up for use with LaTeX.

See the LaTeX manual or LaTeX Companion for explanation.
Type  H <return>  for immediate help.
 ...                                              
                                                  
l.30 –¥–∞–Ω–Ω—ã–µ & –¥–∞–Ω–Ω—ã–µ & –¥–∞–Ω–Ω
                                           —ã–µ & –î–ª–∏–Ω–Ω—ã–π —Ç–µ–∫—Å—Ç ...

? 

! LaTeX Error: Unicode character —ã (U+044B)
               not set up for use with LaTeX.

See the LaTeX manual or LaTeX Companion for explanation.
Type  H <return>  for immediate help.
 ...                                              
                                                  
l.30 –¥–∞–Ω–Ω—ã–µ & –¥–∞–Ω–Ω—ã–µ & –¥–∞–Ω–Ω—ã
                                             –µ & –î–ª–∏–Ω–Ω—ã–π —Ç–µ–∫—Å—Ç ...

? 

! LaTeX Error: Unicode character –µ (U+0435)
               not set up for use with LaTeX.

See the LaTeX manual or LaTeX Companion for explanation.
Type  H <return>  for immediate help.
 ...                                              
                                                  
l.30 –¥–∞–Ω–Ω—ã–µ & –¥–∞–Ω–Ω—ã–µ & –¥–∞–Ω–Ω—ã–µ
                                                & –î–ª–∏–Ω–Ω—ã–π —Ç–µ–∫—Å—Ç ...

? 

! LaTeX Error: Unicode character –î (U+0414)
               not set up for use with LaTeX.

See the LaTeX manual or LaTeX Companion for explanation.
Type  H <return>  for immediate help.
 ...                                              
                                                  
l.30 ...Ω–Ω—ã–µ & –¥–∞–Ω–Ω—ã–µ & –¥–∞–Ω–Ω—ã–µ & –î
                                                  –ª–∏–Ω–Ω—ã–π —Ç–µ–∫—Å—Ç –∑...

? 

! LaTeX Error: Unicode character –ª (U+043B)
               not set up for use with LaTeX.

See the LaTeX manual or LaTeX Companion for explanation.
Type  H <return>  for immediate help.
 ...                                              
                                                  
l.30 ...Ω—ã–µ & –¥–∞–Ω–Ω—ã–µ & –¥–∞–Ω–Ω—ã–µ & –î–ª
                                                  –∏–Ω–Ω—ã–π —Ç–µ–∫—Å—Ç –∑–¥...

? 

! LaTeX Error: Unicode character –∏ (U+0438)
               not set up for use with LaTeX.

See the LaTeX manual or LaTeX Companion for explanation.
Type  H <return>  for immediate help.
 ...                                              
                                                  
l.30 ...ã–µ & –¥–∞–Ω–Ω—ã–µ & –¥–∞–Ω–Ω—ã–µ & –î–ª–∏
                                                  –Ω–Ω—ã–π —Ç–µ–∫—Å—Ç –∑–¥–µ...

? 

! LaTeX Error: Unicode character –Ω (U+043D)
               not set up for use with LaTeX.

See the LaTeX manual or LaTeX Companion for explanation.
Type  H <return>  for immediate help.
 ...                                              
                                                  
l.30 ...µ & –¥–∞–Ω–Ω—ã–µ & –¥–∞–Ω–Ω—ã–µ & –î–ª–∏–Ω
                                                  –Ω—ã–π —Ç–µ–∫—Å—Ç –∑–¥–µ—Å...

? 

! LaTeX Error: Unicode character –Ω (U+043D)
               not set up for use with LaTeX.

See the LaTeX manual or LaTeX Companion for explanation.
Type  H <return>  for immediate help.
 ...                                              
                                                  
l.30 ...& –¥–∞–Ω–Ω—ã–µ & –¥–∞–Ω–Ω—ã–µ & –î–ª–∏–Ω–Ω
                                                  —ã–π —Ç–µ–∫—Å—Ç –∑–¥–µ—Å—å \\

? 

! LaTeX Error: Unicode character —ã (U+044B)
               not set up for use with LaTeX.

See the LaTeX manual or LaTeX Companion for explanation.
Type  H <return>  for immediate help.
 ...                                              
                                                  
l.30 ...–¥–∞–Ω–Ω—ã–µ & –¥–∞–Ω–Ω—ã–µ & –î–ª–∏–Ω–Ω—ã
                                                  –π —Ç–µ–∫—Å—Ç –∑–¥–µ—Å—å \\
? 

! LaTeX Error: Unicode character –π (U+0439)
               not set up for use with LaTeX.

See the LaTeX manual or LaTeX Companion for explanation.
Type  H <return>  for immediate help.
 ...                                              
                                                  
l.30 ...–∞–Ω–Ω—ã–µ & –¥–∞–Ω–Ω—ã–µ & –î–ª–∏–Ω–Ω—ã–π
                                                   —Ç–µ–∫—Å—Ç –∑–¥–µ—Å—å \\
? 

! LaTeX Error: Unicode character —Ç (U+0442)
               not set up for use with LaTeX.

See the LaTeX manual or LaTeX Companion for explanation.
Type  H <return>  for immediate help.
 ...                                              
                                                  
l.30 ...Ω–Ω—ã–µ & –¥–∞–Ω–Ω—ã–µ & –î–ª–∏–Ω–Ω—ã–π —Ç
                                                  –µ–∫—Å—Ç –∑–¥–µ—Å—å \\
? 

! LaTeX Error: Unicode character –µ (U+0435)
               not set up for use with LaTeX.

See the LaTeX manual or LaTeX Companion for explanation.
Type  H <return>  for immediate help.
 ...                                              
                                                  
l.30 ...Ω—ã–µ & –¥–∞–Ω–Ω—ã–µ & –î–ª–∏–Ω–Ω—ã–π —Ç–µ
                                                  –∫—Å—Ç –∑–¥–µ—Å—å \\
? 

! LaTeX Error: Unicode character –∫ (U+043A)
               not set up for use with LaTeX.

See the LaTeX manual or LaTeX Companion for explanation.
Type  H <return>  for immediate help.
 ...                                              
                                                  
l.30 ...ã–µ & –¥–∞–Ω–Ω—ã–µ & –î–ª–∏–Ω–Ω—ã–π —Ç–µ–∫
                                                  —Å—Ç –∑–¥–µ—Å—å \\
? 

! LaTeX Error: Unicode character —Å (U+0441)
               not set up for use with LaTeX.

See the LaTeX manual or LaTeX Companion for explanation.
Type  H <return>  for immediate help.
 ...                                              
                                                  
l.30 ...µ & –¥–∞–Ω–Ω—ã–µ & –î–ª–∏–Ω–Ω—ã–π —Ç–µ–∫—Å
                                                  —Ç –∑–¥–µ—Å—å \\
? 

! LaTeX Error: Unicode character —Ç (U+0442)
               not set up for use with LaTeX.

See the LaTeX manual or LaTeX Companion for explanation.
Type  H <return>  for immediate help.
 ...                                              
                                                  
l.30 ...& –¥–∞–Ω–Ω—ã–µ & –î–ª–∏–Ω–Ω—ã–π —Ç–µ–∫—Å—Ç
                                                   –∑–¥–µ—Å—å \\
? 

! LaTeX Error: Unicode character –∑ (U+0437)
               not set up for use with LaTeX.

See the LaTeX manual or LaTeX Companion for explanation.
Type  H <return>  for immediate help.
 ...                                              
                                                  
l.30 ...¥–∞–Ω–Ω—ã–µ & –î–ª–∏–Ω–Ω—ã–π —Ç–µ–∫—Å—Ç –∑
                                                  –¥–µ—Å—å \\
? 

! LaTeX Error: Unicode character –¥ (U+0434)
               not set up for use with LaTeX.

See the LaTeX manual or LaTeX Companion for explanation.
Type  H <return>  for immediate help.
 ...                                              
                                                  
l.30 ...∞–Ω–Ω—ã–µ & –î–ª–∏–Ω–Ω—ã–π —Ç–µ–∫—Å—Ç –∑–¥
                                                  –µ—Å—å \\
? 

! LaTeX Error: Unicode character –µ (U+0435)
               not set up for use with LaTeX.

See the LaTeX manual or LaTeX Companion for explanation.
Type  H <return>  for immediate help.
 ...                                              
                                                  
l.30 ...Ω–Ω—ã–µ & –î–ª–∏–Ω–Ω—ã–π —Ç–µ–∫—Å—Ç –∑–¥–µ
                                                  —Å—å \\
? 

! LaTeX Error: Unicode character —Å (U+0441)
               not set up for use with LaTeX.

See the LaTeX manual or LaTeX Companion for explanation.
Type  H <return>  for immediate help.
 ...                                              
                                                  
l.30 ...Ω—ã–µ & –î–ª–∏–Ω–Ω—ã–π —Ç–µ–∫—Å—Ç –∑–¥–µ—Å
                                                  —å \\
? 

! LaTeX Error: Unicode character —å (U+044C)
               not set up for use with LaTeX.

See the LaTeX manual or LaTeX Companion for explanation.
Type  H <return>  for immediate help.
 ...                                              
                                                  
l.30 ...ã–µ & –î–ª–∏–Ω–Ω—ã–π —Ç–µ–∫—Å—Ç –∑–¥–µ—Å—å
                                                   \\
? 

! LaTeX Error: Unicode character –ö (U+041A)
               not set up for use with LaTeX.

See the LaTeX manual or LaTeX Companion for explanation.
Type  H <return>  for immediate help.
 ...                                              
                                                  
l.41 –ö
       –æ–ª–æ–Ω–∫–∞ 1 & –ö–æ–ª–æ–Ω–∫–∞ 2 & –ö–æ–ª–æ–Ω–∫–∞ 3 \\
? 

! LaTeX Error: Unicode character –æ (U+043E)
               not set up for use with LaTeX.

See the LaTeX manual or LaTeX Companion for explanation.
Type  H <return>  for immediate help.
 ...                                              
                                                  
l.41 –ö–æ
         –ª–æ–Ω–∫–∞ 1 & –ö–æ–ª–æ–Ω–∫–∞ 2 & –ö–æ–ª–æ–Ω–∫–∞ 3 \\
? 

! LaTeX Error: Unicode character –ª (U+043B)
               not set up for use with LaTeX.

See the LaTeX manual or LaTeX Companion for explanation.
Type  H <return>  for immediate help.
 ...                                              
                                                  
l.41 –ö–æ–ª
           –æ–Ω–∫–∞ 1 & –ö–æ–ª–æ–Ω–∫–∞ 2 & –ö–æ–ª–æ–Ω–∫–∞ 3 \\
? 

! LaTeX Error: Unicode character –æ (U+043E)
               not set up for use with LaTeX.

See the LaTeX manual or LaTeX Companion for explanation.
Type  H <return>  for immediate help.
 ...                                              
                                                  
l.41 –ö–æ–ª–æ
             –Ω–∫–∞ 1 & –ö–æ–ª–æ–Ω–∫–∞ 2 & –ö–æ–ª–æ–Ω–∫–∞ 3 \\
? 

! LaTeX Error: Unicode character –Ω (U+043D)
               not set up for use with LaTeX.

See the LaTeX manual or LaTeX Companion for explanation.
Type  H <return>  for immediate help.
 ...                                              
                                                  
l.41 –ö–æ–ª–æ–Ω
               –∫–∞ 1 & –ö–æ–ª–æ–Ω–∫–∞ 2 & –ö–æ–ª–æ–Ω–∫–∞ 3 \\
? 

! LaTeX Error: Unicode character –∫ (U+043A)
               not set up for use with LaTeX.

See the LaTeX manual or LaTeX Companion for explanation.
Type  H <return>  for immediate help.
 ...                                              
                                                  
l.41 –ö–æ–ª–æ–Ω–∫
                 –∞ 1 & –ö–æ–ª–æ–Ω–∫–∞ 2 & –ö–æ–ª–æ–Ω–∫–∞ 3 \\
? 

! LaTeX Error: Unicode character –∞ (U+0430)
               not set up for use with LaTeX.

See the LaTeX manual or LaTeX Companion for explanation.
Type  H <return>  for immediate help.
 ...                                              
                                                  
l.41 –ö–æ–ª–æ–Ω–∫–∞
                    1 & –ö–æ–ª–æ–Ω–∫–∞ 2 & –ö–æ–ª–æ–Ω–∫–∞ 3 \\
? 

! LaTeX Error: Unicode character –ö (U+041A)
               not set up for use with LaTeX.

See the LaTeX manual or LaTeX Companion for explanation.
Type  H <return>  for immediate help.
 ...                                              
                                                  
l.41 –ö–æ–ª–æ–Ω–∫–∞ 1 & –ö
                          –æ–ª–æ–Ω–∫–∞ 2 & –ö–æ–ª–æ–Ω–∫–∞ 3 \\
? 

! LaTeX Error: Unicode character –æ (U+043E)
               not set up for use with LaTeX.

See the LaTeX manual or LaTeX Companion for explanation.
Type  H <return>  for immediate help.
 ...                                              
                                                  
l.41 –ö–æ–ª–æ–Ω–∫–∞ 1 & –ö–æ
                            –ª–æ–Ω–∫–∞ 2 & –ö–æ–ª–æ–Ω–∫–∞ 3 \\
? 

! LaTeX Error: Unicode character –ª (U+043B)
               not set up for use with LaTeX.

See the LaTeX manual or LaTeX Companion for explanation.
Type  H <return>  for immediate help.
 ...                                              
                                                  
l.41 –ö–æ–ª–æ–Ω–∫–∞ 1 & –ö–æ–ª
                              –æ–Ω–∫–∞ 2 & –ö–æ–ª–æ–Ω–∫–∞ 3 \\
? 

! LaTeX Error: Unicode character –æ (U+043E)
               not set up for use with LaTeX.

See the LaTeX manual or LaTeX Companion for explanation.
Type  H <return>  for immediate help.
 ...                                              
                                                  
l.41 –ö–æ–ª–æ–Ω–∫–∞ 1 & –ö–æ–ª–æ
                                –Ω–∫–∞ 2 & –ö–æ–ª–æ–Ω–∫–∞ 3 \\
? 

! LaTeX Error: Unicode character –Ω (U+043D)
               not set up for use with LaTeX.

See the LaTeX manual or LaTeX Companion for explanation.
Type  H <return>  for immediate help.
 ...                                              
                                                  
l.41 –ö–æ–ª–æ–Ω–∫–∞ 1 & –ö–æ–ª–æ–Ω
                                  –∫–∞ 2 & –ö–æ–ª–æ–Ω–∫–∞ 3 \\
? 

! LaTeX Error: Unicode character –∫ (U+043A)
               not set up for use with LaTeX.

See the LaTeX manual or LaTeX Companion for explanation.
Type  H <return>  for immediate help.
 ...                                              
                                                  
l.41 –ö–æ–ª–æ–Ω–∫–∞ 1 & –ö–æ–ª–æ–Ω–∫
                                    –∞ 2 & –ö–æ–ª–æ–Ω–∫–∞ 3 \\
? 

! LaTeX Error: Unicode character –∞ (U+0430)
               not set up for use with LaTeX.

See the LaTeX manual or LaTeX Companion for explanation.
Type  H <return>  for immediate help.
 ...                                              
                                                  
l.41 –ö–æ–ª–æ–Ω–∫–∞ 1 & –ö–æ–ª–æ–Ω–∫–∞
                                       2 & –ö–æ–ª–æ–Ω–∫–∞ 3 \\
? 

! LaTeX Error: Unicode character –ö (U+041A)
               not set up for use with LaTeX.

See the LaTeX manual or LaTeX Companion for explanation.
Type  H <return>  for immediate help.
 ...                                              
                                                  
l.41 –ö–æ–ª–æ–Ω–∫–∞ 1 & –ö–æ–ª–æ–Ω–∫–∞ 2 & –ö
                                             –æ–ª–æ–Ω–∫–∞ 3 \\
? 

! LaTeX Error: Unicode character –æ (U+043E)
               not set up for use with LaTeX.

See the LaTeX manual or LaTeX Companion for explanation.
Type  H <return>  for immediate help.
 ...                                              
                                                  
l.41 –ö–æ–ª–æ–Ω–∫–∞ 1 & –ö–æ–ª–æ–Ω–∫–∞ 2 & –ö–æ
                                               –ª–æ–Ω–∫–∞ 3 \\
? 

! LaTeX Error: Unicode character –ª (U+043B)
               not set up for use with LaTeX.

See the LaTeX manual or LaTeX Companion for explanation.
Type  H <return>  for immediate help.
 ...                                              
                                                  
l.41 –ö–æ–ª–æ–Ω–∫–∞ 1 & –ö–æ–ª–æ–Ω–∫–∞ 2 & –ö–æ–ª
                                                 –æ–Ω–∫–∞ 3 \\
? 

! LaTeX Error: Unicode character –æ (U+043E)
               not set up for use with LaTeX.

See the LaTeX manual or LaTeX Companion for explanation.
Type  H <return>  for immediate help.
 ...                                              
                                                  
l.41 ...–ª–æ–Ω–∫–∞ 1 & –ö–æ–ª–æ–Ω–∫–∞ 2 & –ö–æ–ª–æ
                                                  –Ω–∫–∞ 3 \\
? 

! LaTeX Error: Unicode character –Ω (U+043D)
               not set up for use with LaTeX.

See the LaTeX manual or LaTeX Companion for explanation.
Type  H <return>  for immediate help.
 ...                                              
                                                  
l.41 ...–æ–Ω–∫–∞ 1 & –ö–æ–ª–æ–Ω–∫–∞ 2 & –ö–æ–ª–æ–Ω
                                                  –∫–∞ 3 \\
? 

! LaTeX Error: Unicode character –∫ (U+043A)
               not set up for use with LaTeX.

See the LaTeX manual or LaTeX Companion for explanation.
Type  H <return>  for immediate help.
 ...                                              
                                                  
l.41 ...–Ω–∫–∞ 1 & –ö–æ–ª–æ–Ω–∫–∞ 2 & –ö–æ–ª–æ–Ω–∫
                                                  –∞ 3 \\
? 

! LaTeX Error: Unicode character –∞ (U+0430)
               not set up for use with LaTeX.

See the LaTeX manual or LaTeX Companion for explanation.
Type  H <return>  for immediate help.
 ...                                              
                                                  
l.41 ...–∫–∞ 1 & –ö–æ–ª–æ–Ω–∫–∞ 2 & –ö–æ–ª–æ–Ω–∫–∞
                                                   3 \\
? 

! LaTeX Error: Unicode character —ç (U+044D)
               not set up for use with LaTeX.

See the LaTeX manual or LaTeX Companion for explanation.
Type  H <return>  for immediate help.
 ...                                              
                                                  
l.44 —ç
       –ª–µ–º–µ–Ω—Ç1 & –∑–Ω–∞—á–µ–Ω–∏–µ1 & –¥–∞–Ω–Ω—ã–µ1 \\
? 

! LaTeX Error: Unicode character –ª (U+043B)
               not set up for use with LaTeX.

See the LaTeX manual or LaTeX Companion for explanation.
Type  H <return>  for immediate help.
 ...                                              
                                                  
l.44 —ç–ª
         –µ–º–µ–Ω—Ç1 & –∑–Ω–∞—á–µ–Ω–∏–µ1 & –¥–∞–Ω–Ω—ã–µ1 \\
? 

! LaTeX Error: Unicode character –µ (U+0435)
               not set up for use with LaTeX.

See the LaTeX manual or LaTeX Companion for explanation.
Type  H <return>  for immediate help.
 ...                                              
                                                  
l.44 —ç–ª–µ
           –º–µ–Ω—Ç1 & –∑–Ω–∞—á–µ–Ω–∏–µ1 & –¥–∞–Ω–Ω—ã–µ1 \\
? 

! LaTeX Error: Unicode character –º (U+043C)
               not set up for use with LaTeX.

See the LaTeX manual or LaTeX Companion for explanation.
Type  H <return>  for immediate help.
 ...                                              
                                                  
l.44 —ç–ª–µ–º
             –µ–Ω—Ç1 & –∑–Ω–∞—á–µ–Ω–∏–µ1 & –¥–∞–Ω–Ω—ã–µ1 \\
? 

! LaTeX Error: Unicode character –µ (U+0435)
               not set up for use with LaTeX.

See the LaTeX manual or LaTeX Companion for explanation.
Type  H <return>  for immediate help.
 ...                                              
                                                  
l.44 —ç–ª–µ–º–µ
               –Ω—Ç1 & –∑–Ω–∞—á–µ–Ω–∏–µ1 & –¥–∞–Ω–Ω—ã–µ1 \\
? 

! LaTeX Error: Unicode character –Ω (U+043D)
               not set up for use with LaTeX.

See the LaTeX manual or LaTeX Companion for explanation.
Type  H <return>  for immediate help.
 ...                                              
                                                  
l.44 —ç–ª–µ–º–µ–Ω
                 —Ç1 & –∑–Ω–∞—á–µ–Ω–∏–µ1 & –¥–∞–Ω–Ω—ã–µ1 \\
? 

! LaTeX Error: Unicode character —Ç (U+0442)
               not set up for use with LaTeX.

See the LaTeX manual or LaTeX Companion for explanation.
Type  H <return>  for immediate help.
 ...                                              
                                                  
l.44 —ç–ª–µ–º–µ–Ω—Ç
                   1 & –∑–Ω–∞—á–µ–Ω–∏–µ1 & –¥–∞–Ω–Ω—ã–µ1 \\
? 

! LaTeX Error: Unicode character –∑ (U+0437)
               not set up for use with LaTeX.

See the LaTeX manual or LaTeX Companion for explanation.
Type  H <return>  for immediate help.
 ...                                              
                                                  
l.44 —ç–ª–µ–º–µ–Ω—Ç1 & –∑
                         –Ω–∞—á–µ–Ω–∏–µ1 & –¥–∞–Ω–Ω—ã–µ1 \\
? 

! LaTeX Error: Unicode character –Ω (U+043D)
               not set up for use with LaTeX.

See the LaTeX manual or LaTeX Companion for explanation.
Type  H <return>  for immediate help.
 ...                                              
                                                  
l.44 —ç–ª–µ–º–µ–Ω—Ç1 & –∑–Ω
                           –∞—á–µ–Ω–∏–µ1 & –¥–∞–Ω–Ω—ã–µ1 \\
? 

! LaTeX Error: Unicode character –∞ (U+0430)
               not set up for use with LaTeX.

See the LaTeX manual or LaTeX Companion for explanation.
Type  H <return>  for immediate help.
 ...                                              
                                                  
l.44 —ç–ª–µ–º–µ–Ω—Ç1 & –∑–Ω–∞
                             —á–µ–Ω–∏–µ1 & –¥–∞–Ω–Ω—ã–µ1 \\
? 

! LaTeX Error: Unicode character —á (U+0447)
               not set up for use with LaTeX.

See the LaTeX manual or LaTeX Companion for explanation.
Type  H <return>  for immediate help.
 ...                                              
                                                  
l.44 —ç–ª–µ–º–µ–Ω—Ç1 & –∑–Ω–∞—á
                               –µ–Ω–∏–µ1 & –¥–∞–Ω–Ω—ã–µ1 \\
? 

! LaTeX Error: Unicode character –µ (U+0435)
               not set up for use with LaTeX.

See the LaTeX manual or LaTeX Companion for explanation.
Type  H <return>  for immediate help.
 ...                                              
                                                  
l.44 —ç–ª–µ–º–µ–Ω—Ç1 & –∑–Ω–∞—á–µ
                                 –Ω–∏–µ1 & –¥–∞–Ω–Ω—ã–µ1 \\
? 

! LaTeX Error: Unicode character –Ω (U+043D)
               not set up for use with LaTeX.

See the LaTeX manual or LaTeX Companion for explanation.
Type  H <return>  for immediate help.
 ...                                              
                                                  
l.44 —ç–ª–µ–º–µ–Ω—Ç1 & –∑–Ω–∞—á–µ–Ω
                                   –∏–µ1 & –¥–∞–Ω–Ω—ã–µ1 \\
? 

! LaTeX Error: Unicode character –∏ (U+0438)
               not set up for use with LaTeX.

See the LaTeX manual or LaTeX Companion for explanation.
Type  H <return>  for immediate help.
 ...                                              
                                                  
l.44 —ç–ª–µ–º–µ–Ω—Ç1 & –∑–Ω–∞—á–µ–Ω–∏
                                     –µ1 & –¥–∞–Ω–Ω—ã–µ1 \\
? 

! LaTeX Error: Unicode character –µ (U+0435)
               not set up for use with LaTeX.

See the LaTeX manual or LaTeX Companion for explanation.
Type  H <return>  for immediate help.
 ...                                              
                                                  
l.44 —ç–ª–µ–º–µ–Ω—Ç1 & –∑–Ω–∞—á–µ–Ω–∏–µ
                                       1 & –¥–∞–Ω–Ω—ã–µ1 \\
? 

! LaTeX Error: Unicode character –¥ (U+0434)
               not set up for use with LaTeX.

See the LaTeX manual or LaTeX Companion for explanation.
Type  H <return>  for immediate help.
 ...                                              
                                                  
l.44 —ç–ª–µ–º–µ–Ω—Ç1 & –∑–Ω–∞—á–µ–Ω–∏–µ1 & –¥
                                             –∞–Ω–Ω—ã–µ1 \\
? 

! LaTeX Error: Unicode character –∞ (U+0430)
               not set up for use with LaTeX.

See the LaTeX manual or LaTeX Companion for explanation.
Type  H <return>  for immediate help.
 ...                                              
                                                  
l.44 —ç–ª–µ–º–µ–Ω—Ç1 & –∑–Ω–∞—á–µ–Ω–∏–µ1 & –¥–∞
                                               –Ω–Ω—ã–µ1 \\
? 

! LaTeX Error: Unicode character –Ω (U+043D)
               not set up for use with LaTeX.

See the LaTeX manual or LaTeX Companion for explanation.
Type  H <return>  for immediate help.
 ...                                              
                                                  
l.44 —ç–ª–µ–º–µ–Ω—Ç1 & –∑–Ω–∞—á–µ–Ω–∏–µ1 & –¥–∞–Ω
                                                 –Ω—ã–µ1 \\
? 

! LaTeX Error: Unicode character –Ω (U+043D)
               not set up for use with LaTeX.

See the LaTeX manual or LaTeX Companion for explanation.
Type  H <return>  for immediate help.
 ...                                              
                                                  
l.44 ...–µ–º–µ–Ω—Ç1 & –∑–Ω–∞—á–µ–Ω–∏–µ1 & –¥–∞–Ω–Ω
                                                  —ã–µ1 \\
? 

! LaTeX Error: Unicode character —ã (U+044B)
               not set up for use with LaTeX.

See the LaTeX manual or LaTeX Companion for explanation.
Type  H <return>  for immediate help.
 ...                                              
                                                  
l.44 ...–º–µ–Ω—Ç1 & –∑–Ω–∞—á–µ–Ω–∏–µ1 & –¥–∞–Ω–Ω—ã
                                                  –µ1 \\
? 

! LaTeX Error: Unicode character –µ (U+0435)
               not set up for use with LaTeX.

See the LaTeX manual or LaTeX Companion for explanation.
Type  H <return>  for immediate help.
 ...                                              
                                                  
l.44 ...–µ–Ω—Ç1 & –∑–Ω–∞—á–µ–Ω–∏–µ1 & –¥–∞–Ω–Ω—ã–µ
                                                  1 \\
? 

! LaTeX Error: Unicode character —ç (U+044D)
               not set up for use with LaTeX.

See the LaTeX manual or LaTeX Companion for explanation.
Type  H <return>  for immediate help.
 ...                                              
                                                  
l.46 —ç
       –ª–µ–º–µ–Ω—Ç2 &  & –¥–∞–Ω–Ω—ã–µ2 \\
? 

! LaTeX Error: Unicode character –ª (U+043B)
               not set up for use with LaTeX.

See the LaTeX manual or LaTeX Companion for explanation.
Type  H <return>  for immediate help.
 ...                                              
                                                  
l.46 —ç–ª
         –µ–º–µ–Ω—Ç2 &  & –¥–∞–Ω–Ω—ã–µ2 \\
? 

! LaTeX Error: Unicode character –µ (U+0435)
               not set up for use with LaTeX.

See the LaTeX manual or LaTeX Companion for explanation.
Type  H <return>  for immediate help.
 ...                                              
                                                  
l.46 —ç–ª–µ
           –º–µ–Ω—Ç2 &  & –¥–∞–Ω–Ω—ã–µ2 \\
? 

! LaTeX Error: Unicode character –º (U+043C)
               not set up for use with LaTeX.

See the LaTeX manual or LaTeX Companion for explanation.
Type  H <return>  for immediate help.
 ...                                              
                                                  
l.46 —ç–ª–µ–º
             –µ–Ω—Ç2 &  & –¥–∞–Ω–Ω—ã–µ2 \\
? 

! LaTeX Error: Unicode character –µ (U+0435)
               not set up for use with LaTeX.

See the LaTeX manual or LaTeX Companion for explanation.
Type  H <return>  for immediate help.
 ...                                              
                                                  
l.46 —ç–ª–µ–º–µ
               –Ω—Ç2 &  & –¥–∞–Ω–Ω—ã–µ2 \\
? 

! LaTeX Error: Unicode character –Ω (U+043D)
               not set up for use with LaTeX.

See the LaTeX manual or LaTeX Companion for explanation.
Type  H <return>  for immediate help.
 ...                                              
                                                  
l.46 —ç–ª–µ–º–µ–Ω
                 —Ç2 &  & –¥–∞–Ω–Ω—ã–µ2 \\
? 

! LaTeX Error: Unicode character —Ç (U+0442)
               not set up for use with LaTeX.

See the LaTeX manual or LaTeX Companion for explanation.
Type  H <return>  for immediate help.
 ...                                              
                                                  
l.46 —ç–ª–µ–º–µ–Ω—Ç
                   2 &  & –¥–∞–Ω–Ω—ã–µ2 \\
? 

! LaTeX Error: Unicode character –¥ (U+0434)
               not set up for use with LaTeX.

See the LaTeX manual or LaTeX Companion for explanation.
Type  H <return>  for immediate help.
 ...                                              
                                                  
l.46 —ç–ª–µ–º–µ–Ω—Ç2 &  & –¥
                            –∞–Ω–Ω—ã–µ2 \\
? 

! LaTeX Error: Unicode character –∞ (U+0430)
               not set up for use with LaTeX.

See the LaTeX manual or LaTeX Companion for explanation.
Type  H <return>  for immediate help.
 ...                                              
                                                  
l.46 —ç–ª–µ–º–µ–Ω—Ç2 &  & –¥–∞
                              –Ω–Ω—ã–µ2 \\
? 

! LaTeX Error: Unicode character –Ω (U+043D)
               not set up for use with LaTeX.

See the LaTeX manual or LaTeX Companion for explanation.
Type  H <return>  for immediate help.
 ...                                              
                                                  
l.46 —ç–ª–µ–º–µ–Ω—Ç2 &  & –¥–∞–Ω
                                –Ω—ã–µ2 \\
? 

! LaTeX Error: Unicode character –Ω (U+043D)
               not set up for use with LaTeX.

See the LaTeX manual or LaTeX Companion for explanation.
Type  H <return>  for immediate help.
 ...                                              
                                                  
l.46 —ç–ª–µ–º–µ–Ω—Ç2 &  & –¥–∞–Ω–Ω
                                  —ã–µ2 \\
? 

! LaTeX Error: Unicode character —ã (U+044B)
               not set up for use with LaTeX.

See the LaTeX manual or LaTeX Companion for explanation.
Type  H <return>  for immediate help.
 ...                                              
                                                  
l.46 —ç–ª–µ–º–µ–Ω—Ç2 &  & –¥–∞–Ω–Ω—ã
                                    –µ2 \\
? 

! LaTeX Error: Unicode character –µ (U+0435)
               not set up for use with LaTeX.

See the LaTeX manual or LaTeX Companion for explanation.
Type  H <return>  for immediate help.
 ...                                              
                                                  
l.46 —ç–ª–µ–º–µ–Ω—Ç2 &  & –¥–∞–Ω–Ω—ã–µ
                                      2 \\
? 

! LaTeX Error: Unicode character –∑ (U+0437)
               not set up for use with LaTeX.

See the LaTeX manual or LaTeX Companion for explanation.
Type  H <return>  for immediate help.
 ...                                              
                                                  
l.48  & –∑
          –Ω–∞—á–µ–Ω–∏–µ3 &  \\
? 

! LaTeX Error: Unicode character –Ω (U+043D)
               not set up for use with LaTeX.

See the LaTeX manual or LaTeX Companion for explanation.
Type  H <return>  for immediate help.
 ...                                              
                                                  
l.48  & –∑–Ω
            –∞—á–µ–Ω–∏–µ3 &  \\
? 

! LaTeX Error: Unicode character –∞ (U+0430)
               not set up for use with LaTeX.

See the LaTeX manual or LaTeX Companion for explanation.
Type  H <return>  for immediate help.
 ...                                              
                                                  
l.48  & –∑–Ω–∞
              —á–µ–Ω–∏–µ3 &  \\
? 

! LaTeX Error: Unicode character —á (U+0447)
               not set up for use with LaTeX.

See the LaTeX manual or LaTeX Companion for explanation.
Type  H <return>  for immediate help.
 ...                                              
                                                  
l.48  & –∑–Ω–∞—á
                –µ–Ω–∏–µ3 &  \\
? 

! LaTeX Error: Unicode character –µ (U+0435)
               not set up for use with LaTeX.

See the LaTeX manual or LaTeX Companion for explanation.
Type  H <return>  for immediate help.
 ...                                              
                                                  
l.48  & –∑–Ω–∞—á–µ
                  –Ω–∏–µ3 &  \\
? 

! LaTeX Error: Unicode character –Ω (U+043D)
               not set up for use with LaTeX.

See the LaTeX manual or LaTeX Companion for explanation.
Type  H <return>  for immediate help.
 ...                                              
                                                  
l.48  & –∑–Ω–∞—á–µ–Ω
                    –∏–µ3 &  \\
? 

! LaTeX Error: Unicode character –∏ (U+0438)
               not set up for use with LaTeX.

See the LaTeX manual or LaTeX Companion for explanation.
Type  H <return>  for immediate help.
 ...                                              
                                                  
l.48  & –∑–Ω–∞—á–µ–Ω–∏
                      –µ3 &  \\
? 

! LaTeX Error: Unicode character –µ (U+0435)
               not set up for use with LaTeX.

See the LaTeX manual or LaTeX Companion for explanation.
Type  H <return>  for immediate help.
 ...                                              
                                                  
l.48  & –∑–Ω–∞—á–µ–Ω–∏–µ
                        3 &  \\
? 

! LaTeX Error: Unicode character –ñ (U+0416)
               not set up for use with LaTeX.

See the LaTeX manual or LaTeX Companion for explanation.
Type  H <return>  for immediate help.
 ...                                              
                                                  
l.59 \multicolumn{1}{c}{–ñ–∏–≤–æ—Ç–Ω–æ–µ}
                                          & \multicolumn{1}{c}{–ï–¥–∞} & \mu...

? 

! LaTeX Error: Unicode character –∏ (U+0438)
               not set up for use with LaTeX.

See the LaTeX manual or LaTeX Companion for explanation.
Type  H <return>  for immediate help.
 ...                                              
                                                  
l.59 \multicolumn{1}{c}{–ñ–∏–≤–æ—Ç–Ω–æ–µ}
                                          & \multicolumn{1}{c}{–ï–¥–∞} & \mu...

? 

! LaTeX Error: Unicode character –≤ (U+0432)
               not set up for use with LaTeX.

See the LaTeX manual or LaTeX Companion for explanation.
Type  H <return>  for immediate help.
 ...                                              
                                                  
l.59 \multicolumn{1}{c}{–ñ–∏–≤–æ—Ç–Ω–æ–µ}
                                          & \multicolumn{1}{c}{–ï–¥–∞} & \mu...

? 

! LaTeX Error: Unicode character –æ (U+043E)
               not set up for use with LaTeX.

See the LaTeX manual or LaTeX Companion for explanation.
Type  H <return>  for immediate help.
 ...                                              
                                                  
l.59 \multicolumn{1}{c}{–ñ–∏–≤–æ—Ç–Ω–æ–µ}
                                          & \multicolumn{1}{c}{–ï–¥–∞} & \mu...

? 

! LaTeX Error: Unicode character —Ç (U+0442)
               not set up for use with LaTeX.

See the LaTeX manual or LaTeX Companion for explanation.
Type  H <return>  for immediate help.
 ...                                              
                                                  
l.59 \multicolumn{1}{c}{–ñ–∏–≤–æ—Ç–Ω–æ–µ}
                                          & \multicolumn{1}{c}{–ï–¥–∞} & \mu...

? 

! LaTeX Error: Unicode character –Ω (U+043D)
               not set up for use with LaTeX.

See the LaTeX manual or LaTeX Companion for explanation.
Type  H <return>  for immediate help.
 ...                                              
                                                  
l.59 \multicolumn{1}{c}{–ñ–∏–≤–æ—Ç–Ω–æ–µ}
                                          & \multicolumn{1}{c}{–ï–¥–∞} & \mu...

? 

! LaTeX Error: Unicode character –æ (U+043E)
               not set up for use with LaTeX.

See the LaTeX manual or LaTeX Companion for explanation.
Type  H <return>  for immediate help.
 ...                                              
                                                  
l.59 \multicolumn{1}{c}{–ñ–∏–≤–æ—Ç–Ω–æ–µ}
                                          & \multicolumn{1}{c}{–ï–¥–∞} & \mu...

? 

! LaTeX Error: Unicode character –µ (U+0435)
               not set up for use with LaTeX.

See the LaTeX manual or LaTeX Companion for explanation.
Type  H <return>  for immediate help.
 ...                                              
                                                  
l.59 \multicolumn{1}{c}{–ñ–∏–≤–æ—Ç–Ω–æ–µ}
                                          & \multicolumn{1}{c}{–ï–¥–∞} & \mu...

? 

! LaTeX Error: Unicode character –ï (U+0415)
               not set up for use with LaTeX.

See the LaTeX manual or LaTeX Companion for explanation.
Type  H <return>  for immediate help.
 ...                                              
                                                  
l.59 ...–≤–æ—Ç–Ω–æ–µ} & \multicolumn{1}{c}{–ï–¥–∞}
                                                   & \multicolumn{1}{c}{–†–∞...

? 

! LaTeX Error: Unicode character –¥ (U+0434)
               not set up for use with LaTeX.

See the LaTeX manual or LaTeX Companion for explanation.
Type  H <return>  for immediate help.
 ...                                              
                                                  
l.59 ...–≤–æ—Ç–Ω–æ–µ} & \multicolumn{1}{c}{–ï–¥–∞}
                                                   & \multicolumn{1}{c}{–†–∞...

? 

! LaTeX Error: Unicode character –∞ (U+0430)
               not set up for use with LaTeX.

See the LaTeX manual or LaTeX Companion for explanation.
Type  H <return>  for immediate help.
 ...                                              
                                                  
l.59 ...–≤–æ—Ç–Ω–æ–µ} & \multicolumn{1}{c}{–ï–¥–∞}
                                                   & \multicolumn{1}{c}{–†–∞...

? 

! LaTeX Error: Unicode character –† (U+0420)
               not set up for use with LaTeX.

See the LaTeX manual or LaTeX Companion for explanation.
Type  H <return>  for immediate help.
 ...                                              
                                                  
l.59 ...–ï–¥–∞} & \multicolumn{1}{c}{–†–∞–∑–º–µ—Ä}
                                                   \\
? 

! LaTeX Error: Unicode character –∞ (U+0430)
               not set up for use with LaTeX.

See the LaTeX manual or LaTeX Companion for explanation.
Type  H <return>  for immediate help.
 ...                                              
                                                  
l.59 ...–ï–¥–∞} & \multicolumn{1}{c}{–†–∞–∑–º–µ—Ä}
                                                   \\
? 

! LaTeX Error: Unicode character –∑ (U+0437)
               not set up for use with LaTeX.

See the LaTeX manual or LaTeX Companion for explanation.
Type  H <return>  for immediate help.
 ...                                              
                                                  
l.59 ...–ï–¥–∞} & \multicolumn{1}{c}{–†–∞–∑–º–µ—Ä}
                                                   \\
? 

! LaTeX Error: Unicode character –º (U+043C)
               not set up for use with LaTeX.

See the LaTeX manual or LaTeX Companion for explanation.
Type  H <return>  for immediate help.
 ...                                              
                                                  
l.59 ...–ï–¥–∞} & \multicolumn{1}{c}{–†–∞–∑–º–µ—Ä}
                                                   \\
? 

! LaTeX Error: Unicode character –µ (U+0435)
               not set up for use with LaTeX.

See the LaTeX manual or LaTeX Companion for explanation.
Type  H <return>  for immediate help.
 ...                                              
                                                  
l.59 ...–ï–¥–∞} & \multicolumn{1}{c}{–†–∞–∑–º–µ—Ä}
                                                   \\
? 

! LaTeX Error: Unicode character —Ä (U+0440)
               not set up for use with LaTeX.

See the LaTeX manual or LaTeX Companion for explanation.
Type  H <return>  for immediate help.
 ...                                              
                                                  
l.59 ...–ï–¥–∞} & \multicolumn{1}{c}{–†–∞–∑–º–µ—Ä}
                                                   \\
? 

! LaTeX Error: Unicode character —Å (U+0441)
               not set up for use with LaTeX.

See the LaTeX manual or LaTeX Companion for explanation.
Type  H <return>  for immediate help.
 ...                                              
                                                  
l.62 —Å
       –æ–±–∞–∫–∞ & –º—è—Å–æ & —Å—Ä–µ–¥–Ω–∏–π \\
? 

! LaTeX Error: Unicode character –æ (U+043E)
               not set up for use with LaTeX.

See the LaTeX manual or LaTeX Companion for explanation.
Type  H <return>  for immediate help.
 ...                                              
                                                  
l.62 —Å–æ
         –±–∞–∫–∞ & –º—è—Å–æ & —Å—Ä–µ–¥–Ω–∏–π \\
? 

! LaTeX Error: Unicode character –± (U+0431)
               not set up for use with LaTeX.

See the LaTeX manual or LaTeX Companion for explanation.
Type  H <return>  for immediate help.
 ...                                              
                                                  
l.62 —Å–æ–±
           –∞–∫–∞ & –º—è—Å–æ & —Å—Ä–µ–¥–Ω–∏–π \\
? 

! LaTeX Error: Unicode character –∞ (U+0430)
               not set up for use with LaTeX.

See the LaTeX manual or LaTeX Companion for explanation.
Type  H <return>  for immediate help.
 ...                                              
                                                  
l.62 —Å–æ–±–∞
             –∫–∞ & –º—è—Å–æ & —Å—Ä–µ–¥–Ω–∏–π \\
? 

! LaTeX Error: Unicode character –∫ (U+043A)
               not set up for use with LaTeX.

See the LaTeX manual or LaTeX Companion for explanation.
Type  H <return>  for immediate help.
 ...                                              
                                                  
l.62 —Å–æ–±–∞–∫
               –∞ & –º—è—Å–æ & —Å—Ä–µ–¥–Ω–∏–π \\
? 

! LaTeX Error: Unicode character –∞ (U+0430)
               not set up for use with LaTeX.

See the LaTeX manual or LaTeX Companion for explanation.
Type  H <return>  for immediate help.
 ...                                              
                                                  
l.62 —Å–æ–±–∞–∫–∞
                  & –º—è—Å–æ & —Å—Ä–µ–¥–Ω–∏–π \\
? 

! LaTeX Error: Unicode character –º (U+043C)
               not set up for use with LaTeX.

See the LaTeX manual or LaTeX Companion for explanation.
Type  H <return>  for immediate help.
 ...                                              
                                                  
l.62 —Å–æ–±–∞–∫–∞ & –º
                      —è—Å–æ & —Å—Ä–µ–¥–Ω–∏–π \\
? 

! LaTeX Error: Unicode character —è (U+044F)
               not set up for use with LaTeX.

See the LaTeX manual or LaTeX Companion for explanation.
Type  H <return>  for immediate help.
 ...                                              
                                                  
l.62 —Å–æ–±–∞–∫–∞ & –º—è
                        —Å–æ & —Å—Ä–µ–¥–Ω–∏–π \\
? 

! LaTeX Error: Unicode character —Å (U+0441)
               not set up for use with LaTeX.

See the LaTeX manual or LaTeX Companion for explanation.
Type  H <return>  for immediate help.
 ...                                              
                                                  
l.62 —Å–æ–±–∞–∫–∞ & –º—è—Å
                          –æ & —Å—Ä–µ–¥–Ω–∏–π \\
? 

! LaTeX Error: Unicode character –æ (U+043E)
               not set up for use with LaTeX.

See the LaTeX manual or LaTeX Companion for explanation.
Type  H <return>  for immediate help.
 ...                                              
                                                  
l.62 —Å–æ–±–∞–∫–∞ & –º—è—Å–æ
                             & —Å—Ä–µ–¥–Ω–∏–π \\
? 

! LaTeX Error: Unicode character —Å (U+0441)
               not set up for use with LaTeX.

See the LaTeX manual or LaTeX Companion for explanation.
Type  H <return>  for immediate help.
 ...                                              
                                                  
l.62 —Å–æ–±–∞–∫–∞ & –º—è—Å–æ & —Å
                                 —Ä–µ–¥–Ω–∏–π \\
? 

! LaTeX Error: Unicode character —Ä (U+0440)
               not set up for use with LaTeX.

See the LaTeX manual or LaTeX Companion for explanation.
Type  H <return>  for immediate help.
 ...                                              
                                                  
l.62 —Å–æ–±–∞–∫–∞ & –º—è—Å–æ & —Å—Ä
                                   –µ–¥–Ω–∏–π \\
? 

! LaTeX Error: Unicode character –µ (U+0435)
               not set up for use with LaTeX.

See the LaTeX manual or LaTeX Companion for explanation.
Type  H <return>  for immediate help.
 ...                                              
                                                  
l.62 —Å–æ–±–∞–∫–∞ & –º—è—Å–æ & —Å—Ä–µ
                                     –¥–Ω–∏–π \\
? 

! LaTeX Error: Unicode character –¥ (U+0434)
               not set up for use with LaTeX.

See the LaTeX manual or LaTeX Companion for explanation.
Type  H <return>  for immediate help.
 ...                                              
                                                  
l.62 —Å–æ–±–∞–∫–∞ & –º—è—Å–æ & —Å—Ä–µ–¥
                                       –Ω–∏–π \\
? 

! LaTeX Error: Unicode character –Ω (U+043D)
               not set up for use with LaTeX.

See the LaTeX manual or LaTeX Companion for explanation.
Type  H <return>  for immediate help.
 ...                                              
                                                  
l.62 —Å–æ–±–∞–∫–∞ & –º—è—Å–æ & —Å—Ä–µ–¥–Ω
                                         –∏–π \\
? 

! LaTeX Error: Unicode character –∏ (U+0438)
               not set up for use with LaTeX.

See the LaTeX manual or LaTeX Companion for explanation.
Type  H <return>  for immediate help.
 ...                                              
                                                  
l.62 —Å–æ–±–∞–∫–∞ & –º—è—Å–æ & —Å—Ä–µ–¥–Ω–∏
                                           –π \\
? 

! LaTeX Error: Unicode character –π (U+0439)
               not set up for use with LaTeX.

See the LaTeX manual or LaTeX Companion for explanation.
Type  H <return>  for immediate help.
 ...                                              
                                                  
l.62 —Å–æ–±–∞–∫–∞ & –º—è—Å–æ & —Å—Ä–µ–¥–Ω–∏–π
                                              \\
? 

! LaTeX Error: Unicode character —Ç (U+0442)
               not set up for use with LaTeX.

See the LaTeX manual or LaTeX Companion for explanation.
Type  H <return>  for immediate help.
 ...                                              
                                                  
l.64 \multicolumn{2}{c}{—Ç—Ä–∞–≤–æ—è–¥–Ω—ã–µ}
                                              & –±–æ–ª—å—à–æ–π \\
? 

! LaTeX Error: Unicode character —Ä (U+0440)
               not set up for use with LaTeX.

See the LaTeX manual or LaTeX Companion for explanation.
Type  H <return>  for immediate help.
 ...                                              
                                                  
l.64 \multicolumn{2}{c}{—Ç—Ä–∞–≤–æ—è–¥–Ω—ã–µ}
                                              & –±–æ–ª—å—à–æ–π \\
? 

! LaTeX Error: Unicode character –∞ (U+0430)
               not set up for use with LaTeX.

See the LaTeX manual or LaTeX Companion for explanation.
Type  H <return>  for immediate help.
 ...                                              
                                                  
l.64 \multicolumn{2}{c}{—Ç—Ä–∞–≤–æ—è–¥–Ω—ã–µ}
                                              & –±–æ–ª—å—à–æ–π \\
? 

! LaTeX Error: Unicode character –≤ (U+0432)
               not set up for use with LaTeX.

See the LaTeX manual or LaTeX Companion for explanation.
Type  H <return>  for immediate help.
 ...                                              
                                                  
l.64 \multicolumn{2}{c}{—Ç—Ä–∞–≤–æ—è–¥–Ω—ã–µ}
                                              & –±–æ–ª—å—à–æ–π \\
? 

! LaTeX Error: Unicode character –æ (U+043E)
               not set up for use with LaTeX.

See the LaTeX manual or LaTeX Companion for explanation.
Type  H <return>  for immediate help.
 ...                                              
                                                  
l.64 \multicolumn{2}{c}{—Ç—Ä–∞–≤–æ—è–¥–Ω—ã–µ}
                                              & –±–æ–ª—å—à–æ–π \\
? 

! LaTeX Error: Unicode character —è (U+044F)
               not set up for use with LaTeX.

See the LaTeX manual or LaTeX Companion for explanation.
Type  H <return>  for immediate help.
 ...                                              
                                                  
l.64 \multicolumn{2}{c}{—Ç—Ä–∞–≤–æ—è–¥–Ω—ã–µ}
                                              & –±–æ–ª—å—à–æ–π \\
? 

! LaTeX Error: Unicode character –¥ (U+0434)
               not set up for use with LaTeX.

See the LaTeX manual or LaTeX Companion for explanation.
Type  H <return>  for immediate help.
 ...                                              
                                                  
l.64 \multicolumn{2}{c}{—Ç—Ä–∞–≤–æ—è–¥–Ω—ã–µ}
                                              & –±–æ–ª—å—à–æ–π \\
? 

! LaTeX Error: Unicode character –Ω (U+043D)
               not set up for use with LaTeX.

See the LaTeX manual or LaTeX Companion for explanation.
Type  H <return>  for immediate help.
 ...                                              
                                                  
l.64 \multicolumn{2}{c}{—Ç—Ä–∞–≤–æ—è–¥–Ω—ã–µ}
                                              & –±–æ–ª—å—à–æ–π \\
? 

! LaTeX Error: Unicode character —ã (U+044B)
               not set up for use with LaTeX.

See the LaTeX manual or LaTeX Companion for explanation.
Type  H <return>  for immediate help.
 ...                                              
                                                  
l.64 \multicolumn{2}{c}{—Ç—Ä–∞–≤–æ—è–¥–Ω—ã–µ}
                                              & –±–æ–ª—å—à–æ–π \\
? 

! LaTeX Error: Unicode character –µ (U+0435)
               not set up for use with LaTeX.

See the LaTeX manual or LaTeX Companion for explanation.
Type  H <return>  for immediate help.
 ...                                              
                                                  
l.64 \multicolumn{2}{c}{—Ç—Ä–∞–≤–æ—è–¥–Ω—ã–µ}
                                              & –±–æ–ª—å—à–æ–π \\
? 

! LaTeX Error: Unicode character –± (U+0431)
               not set up for use with LaTeX.

See the LaTeX manual or LaTeX Companion for explanation.
Type  H <return>  for immediate help.
 ...                                              
                                                  
l.64 \multicolumn{2}{c}{—Ç—Ä–∞–≤–æ—è–¥–Ω—ã–µ} & –±
                                                  –æ–ª—å—à–æ–π \\
? 

! LaTeX Error: Unicode character –æ (U+043E)
               not set up for use with LaTeX.

See the LaTeX manual or LaTeX Companion for explanation.
Type  H <return>  for immediate help.
 ...                                              
                                                  
l.64 ...icolumn{2}{c}{—Ç—Ä–∞–≤–æ—è–¥–Ω—ã–µ} & –±–æ
                                                  –ª—å—à–æ–π \\
? 

! LaTeX Error: Unicode character –ª (U+043B)
               not set up for use with LaTeX.

See the LaTeX manual or LaTeX Companion for explanation.
Type  H <return>  for immediate help.
 ...                                              
                                                  
l.64 ...olumn{2}{c}{—Ç—Ä–∞–≤–æ—è–¥–Ω—ã–µ} & –±–æ–ª
                                                  —å—à–æ–π \\
? 

! LaTeX Error: Unicode character —å (U+044C)
               not set up for use with LaTeX.

See the LaTeX manual or LaTeX Companion for explanation.
Type  H <return>  for immediate help.
 ...                                              
                                                  
l.64 ...umn{2}{c}{—Ç—Ä–∞–≤–æ—è–¥–Ω—ã–µ} & –±–æ–ª—å
                                                  —à–æ–π \\
? 

! LaTeX Error: Unicode character —à (U+0448)
               not set up for use with LaTeX.

See the LaTeX manual or LaTeX Companion for explanation.
Type  H <return>  for immediate help.
 ...                                              
                                                  
l.64 ...n{2}{c}{—Ç—Ä–∞–≤–æ—è–¥–Ω—ã–µ} & –±–æ–ª—å—à
                                                  –æ–π \\
? 

! LaTeX Error: Unicode character –æ (U+043E)
               not set up for use with LaTeX.

See the LaTeX manual or LaTeX Companion for explanation.
Type  H <return>  for immediate help.
 ...                                              
                                                  
l.64 ...2}{c}{—Ç—Ä–∞–≤–æ—è–¥–Ω—ã–µ} & –±–æ–ª—å—à–æ
                                                  –π \\
? 

! LaTeX Error: Unicode character –π (U+0439)
               not set up for use with LaTeX.

See the LaTeX manual or LaTeX Companion for explanation.
Type  H <return>  for immediate help.
 ...                                              
                                                  
l.64 ...{c}{—Ç—Ä–∞–≤–æ—è–¥–Ω—ã–µ} & –±–æ–ª—å—à–æ–π
                                                   \\
? 

! LaTeX Error: Unicode character –ö (U+041A)
               not set up for use with LaTeX.

See the LaTeX manual or LaTeX Companion for explanation.
Type  H <return>  for immediate help.
 ...                                              
                                                  
l.65 ...{End of table / –ö–æ–Ω–µ—Ü —Ç–∞–±–ª–∏—Ü—ã}
                                                   \\
? 

! LaTeX Error: Unicode character –æ (U+043E)
               not set up for use with LaTeX.

See the LaTeX manual or LaTeX Companion for explanation.
Type  H <return>  for immediate help.
 ...                                              
                                                  
l.65 ...{End of table / –ö–æ–Ω–µ—Ü —Ç–∞–±–ª–∏—Ü—ã}
                                                   \\
? 

! LaTeX Error: Unicode character –Ω (U+043D)
               not set up for use with LaTeX.

See the LaTeX manual or LaTeX Companion for explanation.
Type  H <return>  for immediate help.
 ...                                              
                                                  
l.65 ...{End of table / –ö–æ–Ω–µ—Ü —Ç–∞–±–ª–∏—Ü—ã}
                                                   \\
? 

! LaTeX Error: Unicode character –µ (U+0435)
               not set up for use with LaTeX.

See the LaTeX manual or LaTeX Companion for explanation.
Type  H <return>  for immediate help.
 ...                                              
                                                  
l.65 ...{End of table / –ö–æ–Ω–µ—Ü —Ç–∞–±–ª–∏—Ü—ã}
                                                   \\
? 

! LaTeX Error: Unicode character —Ü (U+0446)
               not set up for use with LaTeX.

See the LaTeX manual or LaTeX Companion for explanation.
Type  H <return>  for immediate help.
 ...                                              
                                                  
l.65 ...{End of table / –ö–æ–Ω–µ—Ü —Ç–∞–±–ª–∏—Ü—ã}
                                                   \\
? 

! LaTeX Error: Unicode character —Ç (U+0442)
               not set up for use with LaTeX.

See the LaTeX manual or LaTeX Companion for explanation.
Type  H <return>  for immediate help.
 ...                                              
                                                  
l.65 ...{End of table / –ö–æ–Ω–µ—Ü —Ç–∞–±–ª–∏—Ü—ã}
                                                   \\
? 

! LaTeX Error: Unicode character –∞ (U+0430)
               not set up for use with LaTeX.

See the LaTeX manual or LaTeX Companion for explanation.
Type  H <return>  for immediate help.
 ...                                              
                                                  
l.65 ...{End of table / –ö–æ–Ω–µ—Ü —Ç–∞–±–ª–∏—Ü—ã}
                                                   \\
? 

! LaTeX Error: Unicode character –± (U+0431)
               not set up for use with LaTeX.

See the LaTeX manual or LaTeX Companion for explanation.
Type  H <return>  for immediate help.
 ...                                              
                                                  
l.65 ...{End of table / –ö–æ–Ω–µ—Ü —Ç–∞–±–ª–∏—Ü—ã}
                                                   \\
? 

! LaTeX Error: Unicode character –ª (U+043B)
               not set up for use with LaTeX.

See the LaTeX manual or LaTeX Companion for explanation.
Type  H <return>  for immediate help.
 ...                                              
                                                  
l.65 ...{End of table / –ö–æ–Ω–µ—Ü —Ç–∞–±–ª–∏—Ü—ã}
                                                   \\
? 

! LaTeX Error: Unicode character –∏ (U+0438)
               not set up for use with LaTeX.

See the LaTeX manual or LaTeX Companion for explanation.
Type  H <return>  for immediate help.
 ...                                              
                                                  
l.65 ...{End of table / –ö–æ–Ω–µ—Ü —Ç–∞–±–ª–∏—Ü—ã}
                                                   \\
? 

! LaTeX Error: Unicode character —Ü (U+0446)
               not set up for use with LaTeX.

See the LaTeX manual or LaTeX Companion for explanation.
Type  H <return>  for immediate help.
 ...                                              
                                                  
l.65 ...{End of table / –ö–æ–Ω–µ—Ü —Ç–∞–±–ª–∏—Ü—ã}
                                                   \\
? 

! LaTeX Error: Unicode character —ã (U+044B)
               not set up for use with LaTeX.

See the LaTeX manual or LaTeX Companion for explanation.
Type  H <return>  for immediate help.
 ...                                              
                                                  
l.65 ...{End of table / –ö–æ–Ω–µ—Ü —Ç–∞–±–ª–∏—Ü—ã}
                                                   \\
? 


[1

{c:/texlive/2025/texmf-var/fonts/map/pdftex/updmap/pdftex.map}]
(./Exo5_14_5_1.aux)
 ***********
LaTeX2e <2025-06-01> patch level 1
L3 programming layer <2025-09-02>
 ***********
 ) 
Here is how much of TeX's memory you used:
 832 strings out of 469735
 12206 string characters out of 5481518
 439987 words of memory out of 5000000
 29298 multiletter control sequences out of 15000+600000
 629131 words of font info for 43 fonts, out of 8000000 for 9000
 36 hyphenation exceptions out of 8191
 35i,8n,38p,166b,198s stack positions out of 10000i,1000n,20000p,200000b,200000s
 <c:/Users/KONE/.texlive2025/texmf-var/fonts/pk/ljfour/jknappen/ec/ecrm1000.6
00pk> <c:/Users/KONE/.texlive2025/texmf-var/fonts/pk/ljfour/jknappen/ec/ecbx144
0.600pk>
Output written on Exo5_14_5_1.pdf (1 page, 16400 bytes).
PDF statistics:
 67 PDF objects out of 1000 (max. 8388607)
 12 compressed objects within 1 object stream
 0 named destinations out of 1000 (max. 500000)
 1 words of extra memory for PDF output out of 10000 (max. 10000000)

